#
# A fatal error has been detected by the Java Runtime Environment:
#
#  Internal Error (macroAssembler_x86.cpp:864), pid=10752, tid=3844
#  fatal error: DEBUG MESSAGE: unimplemented bytecode
#
# JRE version: Java(TM) SE Runtime Environment (17.0.3.1+2) (build 17.0.3.1+2-LTS-6)
# Java VM: Java HotSpot(TM) 64-Bit Server VM (17.0.3.1+2-LTS-6, mixed mode, emulated-client, sharing, tiered, compressed oops, compressed class ptrs, g1 gc, windows-amd64)
# No core dump will be written. Minidumps are not enabled by default on client versions of Windows
#
# If you would like to submit a bug report, please visit:
#   https://bugreport.java.com/bugreport/crash.jsp
#

---------------  S U M M A R Y ------------

Command Line: -XX:TieredStopAtLevel=1 -Xverify:none -Dspring.output.ansi.enabled=always -javaagent:C:\Program Files\JetBrains\IntelliJ IDEA 2021.3\lib\idea_rt.jar=49811:C:\Program Files\JetBrains\IntelliJ IDEA 2021.3\bin -Dcom.sun.management.jmxremote -Dspring.jmx.enabled=true -Dspring.liveBeansView.mbeanDomain -Dspring.application.admin.enabled=true -Dfile.encoding=UTF-8 com.saraya.airportgeo.AirportGeoApplication

Host: Intel(R) Core(TM) i5-2520M CPU @ 2.50GHz, 4 cores, 3G,  Windows 10 , 64 bit Build 19041 (10.0.19041.1889)
Time: Mon Sep 26 09:30:55 2022 Greenwich elapsed time: 34.361987 seconds (0d 0h 0m 34s)

---------------  T H R E A D  ---------------

Current thread (0x000002719c7ac830):  JavaThread "background-preinit" [_thread_in_Java, id=3844, stack(0x000000d901500000,0x000000d901600000)]

Stack: [0x000000d901500000,0x000000d901600000]
Native frames: (J=compiled Java code, j=interpreted, Vv=VM code, C=native code)
V  [jvm.dll+0x6711ba]
V  [jvm.dll+0x7d0834]
V  [jvm.dll+0x7d1fde]
V  [jvm.dll+0x2429df]
V  [jvm.dll+0x5a6d5e]
C  0x000002719423905b


---------------  P R O C E S S  ---------------

Threads class SMR info:
_java_thread_list=0x000002719cd49bd0, length=16, elements={
0x000002718c9bc090, 0x000002718ca77d90, 0x000002718ca79410, 0x000002718ca87f50,
0x000002718ca8acd0, 0x000002718ca8c690, 0x000002718ca8e050, 0x000002718ca8eab0,
0x000002719bb27bc0, 0x000002719c538300, 0x000002719c89e3d0, 0x000002719c89e8a0,
0x000002719bbee040, 0x000002719d016280, 0x000002719cd664a0, 0x000002719c7ac830
}

Java Threads: ( => current thread )
  0x000002718c9bc090 JavaThread "main" [_thread_blocked, id=11352, stack(0x000000d900500000,0x000000d900600000)]
  0x000002718ca77d90 JavaThread "Reference Handler" daemon [_thread_blocked, id=7780, stack(0x000000d900c00000,0x000000d900d00000)]
  0x000002718ca79410 JavaThread "Finalizer" daemon [_thread_blocked, id=12104, stack(0x000000d900d00000,0x000000d900e00000)]
  0x000002718ca87f50 JavaThread "Signal Dispatcher" daemon [_thread_blocked, id=2448, stack(0x000000d900e00000,0x000000d900f00000)]
  0x000002718ca8acd0 JavaThread "Attach Listener" daemon [_thread_blocked, id=7024, stack(0x000000d900f00000,0x000000d901000000)]
  0x000002718ca8c690 JavaThread "Service Thread" daemon [_thread_blocked, id=11056, stack(0x000000d901000000,0x000000d901100000)]
  0x000002718ca8e050 JavaThread "Monitor Deflation Thread" daemon [_thread_blocked, id=3644, stack(0x000000d901100000,0x000000d901200000)]
  0x000002718ca8eab0 JavaThread "C1 CompilerThread0" daemon [_thread_blocked, id=1500, stack(0x000000d901200000,0x000000d901300000)]
  0x000002719bb27bc0 JavaThread "Sweeper thread" daemon [_thread_blocked, id=9756, stack(0x000000d901300000,0x000000d901400000)]
  0x000002719c538300 JavaThread "Common-Cleaner" daemon [_thread_blocked, id=1376, stack(0x000000d901400000,0x000000d901500000)]
  0x000002719c89e3d0 JavaThread "Monitor Ctrl-Break" daemon [_thread_in_native, id=14948, stack(0x000000d901700000,0x000000d901800000)]
  0x000002719c89e8a0 JavaThread "Notification Thread" daemon [_thread_blocked, id=14088, stack(0x000000d901800000,0x000000d901900000)]
  0x000002719bbee040 JavaThread "RMI TCP Accept-0" daemon [_thread_in_native, id=1208, stack(0x000000d901600000,0x000000d901700000)]
  0x000002719d016280 JavaThread "Thread-0" [_thread_blocked, id=9508, stack(0x000000d901e00000,0x000000d901f00000)]
  0x000002719cd664a0 JavaThread "restartedMain" [_thread_blocked, id=2960, stack(0x000000d901f00000,0x000000d902000000)]
=>0x000002719c7ac830 JavaThread "background-preinit" [_thread_in_Java, id=3844, stack(0x000000d901500000,0x000000d901600000)]

Other Threads:
  0x000002718ca70920 VMThread "VM Thread" [stack: 0x000000d900b00000,0x000000d900c00000] [id=844] _threads_hazard_ptr=0x000002719cd49bd0
  0x000002719cd20520 WatcherThread [stack: 0x000000d901900000,0x000000d901a00000] [id=336]
  0x000002718c9f7a50 GCTaskThread "GC Thread#0" [stack: 0x000000d900600000,0x000000d900700000] [id=15016]
  0x000002719cea17b0 GCTaskThread "GC Thread#1" [stack: 0x000000d901a00000,0x000000d901b00000] [id=2704]
  0x000002719cf07050 GCTaskThread "GC Thread#2" [stack: 0x000000d901b00000,0x000000d901c00000] [id=10772]
  0x000002719cf07300 GCTaskThread "GC Thread#3" [stack: 0x000000d901c00000,0x000000d901d00000] [id=7924]
  0x000002718ca017a0 ConcurrentGCThread "G1 Main Marker" [stack: 0x000000d900700000,0x000000d900800000] [id=9076]
  0x000002718ca021b0 ConcurrentGCThread "G1 Conc#0" [stack: 0x000000d900800000,0x000000d900900000] [id=4228]
  0x000002718ca4e340 ConcurrentGCThread "G1 Refine#0" [stack: 0x000000d900900000,0x000000d900a00000] [id=15144]
  0x000002719ceaa500 ConcurrentGCThread "G1 Refine#1" [stack: 0x000000d901d00000,0x000000d901e00000] [id=208]
  0x000002718ca4ed60 ConcurrentGCThread "G1 Service" [stack: 0x000000d900a00000,0x000000d900b00000] [id=10432]

Threads with active compile tasks:

VM state: synchronizing (normal execution)

VM Mutex/Monitor currently owned by a thread:  ([mutex/lock_event])
[0x000002718c9b8750] Threads_lock - owner thread: 0x000002718ca70920

Heap address: 0x00000000c1000000, size: 1008 MB, Compressed Oops mode: 32-bit

CDS archive(s) mapped at: [0x0000000800000000-0x0000000800bc0000-0x0000000800bc0000), size 12320768, SharedBaseAddress: 0x0000000800000000, ArchiveRelocationMode: 0.
Compressed class space mapped at: 0x0000000800c00000-0x0000000840c00000, reserved size: 1073741824
Narrow klass base: 0x0000000800000000, Narrow klass shift: 0, Narrow klass range: 0x100000000

GC Precious Log:
 CPUs: 4 total, 4 available
 Memory: 4030M
 Large Page Support: Disabled
 NUMA Support: Disabled
 Compressed Oops: Enabled (32-bit)
 Heap Region Size: 1M
 Heap Min Capacity: 8M
 Heap Initial Capacity: 64M
 Heap Max Capacity: 1008M
 Pre-touch: Disabled
 Parallel Workers: 4
 Concurrent Workers: 1
 Concurrent Refinement Workers: 4
 Periodic GC: Disabled

Heap:
 garbage-first heap   total 65536K, used 8940K [0x00000000c1000000, 0x0000000100000000)
  region size 1024K, 4 young (4096K), 3 survivors (3072K)
 Metaspace       used 10123K, committed 10368K, reserved 1064960K
  class space    used 1387K, committed 1472K, reserved 1048576K

Heap Regions: E=young(eden), S=young(survivor), O=old, HS=humongous(starts), HC=humongous(continues), CS=collection set, F=free, OA=open archive, CA=closed archive, TAMS=top-at-mark-start (previous, next)
|   0|0x00000000c1000000, 0x00000000c1100000, 0x00000000c1100000|100%|HS|  |TAMS 0x00000000c1000000, 0x00000000c1000000| Complete 
|   1|0x00000000c1100000, 0x00000000c1200000, 0x00000000c1200000|100%| O|  |TAMS 0x00000000c1100000, 0x00000000c1100000| Untracked 
|   2|0x00000000c1200000, 0x00000000c1300000, 0x00000000c1300000|100%| O|  |TAMS 0x00000000c1200000, 0x00000000c1200000| Untracked 
|   3|0x00000000c1300000, 0x00000000c1400000, 0x00000000c1400000|100%| O|  |TAMS 0x00000000c1300000, 0x00000000c1300000| Untracked 
|   4|0x00000000c1400000, 0x00000000c1500000, 0x00000000c1500000|100%| O|  |TAMS 0x00000000c1400000, 0x00000000c1400000| Untracked 
|   5|0x00000000c1500000, 0x00000000c1600000, 0x00000000c1600000|100%| O|  |TAMS 0x00000000c1500000, 0x00000000c1500000| Untracked 
|   6|0x00000000c1600000, 0x00000000c16a6e00, 0x00000000c1700000| 65%| O|  |TAMS 0x00000000c1600000, 0x00000000c1600000| Untracked 
|   7|0x00000000c1700000, 0x00000000c1700000, 0x00000000c1800000|  0%| F|  |TAMS 0x00000000c1700000, 0x00000000c1700000| Untracked 
|   8|0x00000000c1800000, 0x00000000c1800000, 0x00000000c1900000|  0%| F|  |TAMS 0x00000000c1800000, 0x00000000c1800000| Untracked 
|   9|0x00000000c1900000, 0x00000000c1900000, 0x00000000c1a00000|  0%| F|  |TAMS 0x00000000c1900000, 0x00000000c1900000| Untracked 
|  10|0x00000000c1a00000, 0x00000000c1a00000, 0x00000000c1b00000|  0%| F|  |TAMS 0x00000000c1a00000, 0x00000000c1a00000| Untracked 
|  11|0x00000000c1b00000, 0x00000000c1b00000, 0x00000000c1c00000|  0%| F|  |TAMS 0x00000000c1b00000, 0x00000000c1b00000| Untracked 
|  12|0x00000000c1c00000, 0x00000000c1c00000, 0x00000000c1d00000|  0%| F|  |TAMS 0x00000000c1c00000, 0x00000000c1c00000| Untracked 
|  13|0x00000000c1d00000, 0x00000000c1d00000, 0x00000000c1e00000|  0%| F|  |TAMS 0x00000000c1d00000, 0x00000000c1d00000| Untracked 
|  14|0x00000000c1e00000, 0x00000000c1e00000, 0x00000000c1f00000|  0%| F|  |TAMS 0x00000000c1e00000, 0x00000000c1e00000| Untracked 
|  15|0x00000000c1f00000, 0x00000000c1f00000, 0x00000000c2000000|  0%| F|  |TAMS 0x00000000c1f00000, 0x00000000c1f00000| Untracked 
|  16|0x00000000c2000000, 0x00000000c2000000, 0x00000000c2100000|  0%| F|  |TAMS 0x00000000c2000000, 0x00000000c2000000| Untracked 
|  17|0x00000000c2100000, 0x00000000c2100000, 0x00000000c2200000|  0%| F|  |TAMS 0x00000000c2100000, 0x00000000c2100000| Untracked 
|  18|0x00000000c2200000, 0x00000000c2200000, 0x00000000c2300000|  0%| F|  |TAMS 0x00000000c2200000, 0x00000000c2200000| Untracked 
|  19|0x00000000c2300000, 0x00000000c2300000, 0x00000000c2400000|  0%| F|  |TAMS 0x00000000c2300000, 0x00000000c2300000| Untracked 
|  20|0x00000000c2400000, 0x00000000c2400000, 0x00000000c2500000|  0%| F|  |TAMS 0x00000000c2400000, 0x00000000c2400000| Untracked 
|  21|0x00000000c2500000, 0x00000000c2500000, 0x00000000c2600000|  0%| F|  |TAMS 0x00000000c2500000, 0x00000000c2500000| Untracked 
|  22|0x00000000c2600000, 0x00000000c2600000, 0x00000000c2700000|  0%| F|  |TAMS 0x00000000c2600000, 0x00000000c2600000| Untracked 
|  23|0x00000000c2700000, 0x00000000c2700000, 0x00000000c2800000|  0%| F|  |TAMS 0x00000000c2700000, 0x00000000c2700000| Untracked 
|  24|0x00000000c2800000, 0x00000000c2800000, 0x00000000c2900000|  0%| F|  |TAMS 0x00000000c2800000, 0x00000000c2800000| Untracked 
|  25|0x00000000c2900000, 0x00000000c2900000, 0x00000000c2a00000|  0%| F|  |TAMS 0x00000000c2900000, 0x00000000c2900000| Untracked 
|  26|0x00000000c2a00000, 0x00000000c2a00000, 0x00000000c2b00000|  0%| F|  |TAMS 0x00000000c2a00000, 0x00000000c2a00000| Untracked 
|  27|0x00000000c2b00000, 0x00000000c2b00000, 0x00000000c2c00000|  0%| F|  |TAMS 0x00000000c2b00000, 0x00000000c2b00000| Untracked 
|  28|0x00000000c2c00000, 0x00000000c2c00000, 0x00000000c2d00000|  0%| F|  |TAMS 0x00000000c2c00000, 0x00000000c2c00000| Untracked 
|  29|0x00000000c2d00000, 0x00000000c2d00000, 0x00000000c2e00000|  0%| F|  |TAMS 0x00000000c2d00000, 0x00000000c2d00000| Untracked 
|  30|0x00000000c2e00000, 0x00000000c2e00000, 0x00000000c2f00000|  0%| F|  |TAMS 0x00000000c2e00000, 0x00000000c2e00000| Untracked 
|  31|0x00000000c2f00000, 0x00000000c2f00000, 0x00000000c3000000|  0%| F|  |TAMS 0x00000000c2f00000, 0x00000000c2f00000| Untracked 
|  32|0x00000000c3000000, 0x00000000c3000000, 0x00000000c3100000|  0%| F|  |TAMS 0x00000000c3000000, 0x00000000c3000000| Untracked 
|  33|0x00000000c3100000, 0x00000000c3100000, 0x00000000c3200000|  0%| F|  |TAMS 0x00000000c3100000, 0x00000000c3100000| Untracked 
|  34|0x00000000c3200000, 0x00000000c3200000, 0x00000000c3300000|  0%| F|  |TAMS 0x00000000c3200000, 0x00000000c3200000| Untracked 
|  35|0x00000000c3300000, 0x00000000c3300000, 0x00000000c3400000|  0%| F|  |TAMS 0x00000000c3300000, 0x00000000c3300000| Untracked 
|  36|0x00000000c3400000, 0x00000000c3400000, 0x00000000c3500000|  0%| F|  |TAMS 0x00000000c3400000, 0x00000000c3400000| Untracked 
|  37|0x00000000c3500000, 0x00000000c3500000, 0x00000000c3600000|  0%| F|  |TAMS 0x00000000c3500000, 0x00000000c3500000| Untracked 
|  38|0x00000000c3600000, 0x00000000c3600000, 0x00000000c3700000|  0%| F|  |TAMS 0x00000000c3600000, 0x00000000c3600000| Untracked 
|  39|0x00000000c3700000, 0x00000000c3700000, 0x00000000c3800000|  0%| F|  |TAMS 0x00000000c3700000, 0x00000000c3700000| Untracked 
|  40|0x00000000c3800000, 0x00000000c3800000, 0x00000000c3900000|  0%| F|  |TAMS 0x00000000c3800000, 0x00000000c3800000| Untracked 
|  41|0x00000000c3900000, 0x00000000c3914280, 0x00000000c3a00000|  7%| S|CS|TAMS 0x00000000c3900000, 0x00000000c3900000| Complete 
|  42|0x00000000c3a00000, 0x00000000c3b00000, 0x00000000c3b00000|100%| S|CS|TAMS 0x00000000c3a00000, 0x00000000c3a00000| Complete 
|  43|0x00000000c3b00000, 0x00000000c3c00000, 0x00000000c3c00000|100%| S|CS|TAMS 0x00000000c3b00000, 0x00000000c3b00000| Complete 
|  44|0x00000000c3c00000, 0x00000000c3c00000, 0x00000000c3d00000|  0%| F|  |TAMS 0x00000000c3c00000, 0x00000000c3c00000| Untracked 
|  45|0x00000000c3d00000, 0x00000000c3d00000, 0x00000000c3e00000|  0%| F|  |TAMS 0x00000000c3d00000, 0x00000000c3d00000| Untracked 
|  46|0x00000000c3e00000, 0x00000000c3e00000, 0x00000000c3f00000|  0%| F|  |TAMS 0x00000000c3e00000, 0x00000000c3e00000| Untracked 
|  47|0x00000000c3f00000, 0x00000000c3f00000, 0x00000000c4000000|  0%| F|  |TAMS 0x00000000c3f00000, 0x00000000c3f00000| Untracked 
|  48|0x00000000c4000000, 0x00000000c4000000, 0x00000000c4100000|  0%| F|  |TAMS 0x00000000c4000000, 0x00000000c4000000| Untracked 
|  49|0x00000000c4100000, 0x00000000c4100000, 0x00000000c4200000|  0%| F|  |TAMS 0x00000000c4100000, 0x00000000c4100000| Untracked 
|  50|0x00000000c4200000, 0x00000000c4200000, 0x00000000c4300000|  0%| F|  |TAMS 0x00000000c4200000, 0x00000000c4200000| Untracked 
|  51|0x00000000c4300000, 0x00000000c4300000, 0x00000000c4400000|  0%| F|  |TAMS 0x00000000c4300000, 0x00000000c4300000| Untracked 
|  52|0x00000000c4400000, 0x00000000c4400000, 0x00000000c4500000|  0%| F|  |TAMS 0x00000000c4400000, 0x00000000c4400000| Untracked 
|  53|0x00000000c4500000, 0x00000000c4500000, 0x00000000c4600000|  0%| F|  |TAMS 0x00000000c4500000, 0x00000000c4500000| Untracked 
|  54|0x00000000c4600000, 0x00000000c4600000, 0x00000000c4700000|  0%| F|  |TAMS 0x00000000c4600000, 0x00000000c4600000| Untracked 
|  55|0x00000000c4700000, 0x00000000c4700000, 0x00000000c4800000|  0%| F|  |TAMS 0x00000000c4700000, 0x00000000c4700000| Untracked 
|  56|0x00000000c4800000, 0x00000000c4800000, 0x00000000c4900000|  0%| F|  |TAMS 0x00000000c4800000, 0x00000000c4800000| Untracked 
|  57|0x00000000c4900000, 0x00000000c4900000, 0x00000000c4a00000|  0%| F|  |TAMS 0x00000000c4900000, 0x00000000c4900000| Untracked 
|  58|0x00000000c4a00000, 0x00000000c4a00000, 0x00000000c4b00000|  0%| F|  |TAMS 0x00000000c4a00000, 0x00000000c4a00000| Untracked 
|  59|0x00000000c4b00000, 0x00000000c4b00000, 0x00000000c4c00000|  0%| F|  |TAMS 0x00000000c4b00000, 0x00000000c4b00000| Untracked 
|  60|0x00000000c4c00000, 0x00000000c4c00000, 0x00000000c4d00000|  0%| F|  |TAMS 0x00000000c4c00000, 0x00000000c4c00000| Untracked 
|  61|0x00000000c4d00000, 0x00000000c4d00000, 0x00000000c4e00000|  0%| F|  |TAMS 0x00000000c4d00000, 0x00000000c4d00000| Untracked 
|  62|0x00000000c4e00000, 0x00000000c4e00000, 0x00000000c4f00000|  0%| F|  |TAMS 0x00000000c4e00000, 0x00000000c4e00000| Untracked 
|  63|0x00000000c4f00000, 0x00000000c4fc0f98, 0x00000000c5000000| 75%| E|  |TAMS 0x00000000c4f00000, 0x00000000c4f00000| Complete 

Card table byte_map: [0x0000027197230000,0x0000027197430000] _byte_map_base: 0x0000027196c28000

Marking Bits (Prev, Next): (CMBitMap*) 0x000002718c9f9070, (CMBitMap*) 0x000002718c9f90b0
 Prev Bits: [0x0000027197630000, 0x00000271985f0000)
 Next Bits: [0x00000271985f0000, 0x00000271995b0000)

Polling page: 0x000002718c190000

Metaspace:

Usage:
  Non-class:      8.53 MB used.
      Class:      1.35 MB used.
       Both:      9.89 MB used.

Virtual space:
  Non-class space:       16.00 MB reserved,       8.69 MB ( 54%) committed,  2 nodes.
      Class space:        1.00 GB reserved,       1.44 MB ( <1%) committed,  1 nodes.
             Both:        1.02 GB reserved,      10.12 MB ( <1%) committed. 

Chunk freelists:
   Non-Class:  3.05 MB
       Class:  2.53 MB
        Both:  5.58 MB

MaxMetaspaceSize: unlimited
CompressedClassSpaceSize: 1.00 GB
Initial GC threshold: 21.00 MB
Current GC threshold: 21.00 MB
CDS: on
MetaspaceReclaimPolicy: balanced
 - commit_granule_bytes: 65536.
 - commit_granule_words: 8192.
 - virtual_space_node_default_size: 1048576.
 - enlarge_chunks_in_place: 1.
 - new_chunks_are_fully_committed: 0.
 - uncommit_free_chunks: 1.
 - use_allocation_guard: 0.
 - handle_deallocations: 1.


Internal statistics:

num_allocs_failed_limit: 0.
num_arena_births: 176.
num_arena_deaths: 0.
num_vsnodes_births: 3.
num_vsnodes_deaths: 0.
num_space_committed: 162.
num_space_uncommitted: 0.
num_chunks_returned_to_freelist: 0.
num_chunks_taken_from_freelist: 429.
num_chunk_merges: 0.
num_chunk_splits: 272.
num_chunks_enlarged: 186.
num_purges: 0.
num_inconsistent_stats: 0.

CodeCache: size=49152Kb used=3717Kb max_used=3937Kb free=45434Kb
 bounds [0x0000027194230000, 0x0000027194640000, 0x0000027197230000]
 total_blobs=2212 nmethods=1755 adapters=384
 compilation: enabled
              stopped_count=0, restarted_count=0
 full_count=0

Compilation events (20 events):
Event: 33.379 Thread 0x000002718ca8eab0 1746       1       java.util.Collections$SingletonSet::iterator (8 bytes)
Event: 33.380 Thread 0x000002718ca8eab0 nmethod 1746 0x000002719461a910 code [0x000002719461aaa0, 0x000002719461ac18]
Event: 33.380 Thread 0x000002718ca8eab0 1747       1       java.lang.invoke.VarHandleReferences$FieldInstanceReadWrite::compareAndSet (48 bytes)
Event: 33.381 Thread 0x000002718ca8eab0 nmethod 1747 0x0000027194619f10 code [0x000002719461a120, 0x000002719461a688]
Event: 33.382 Thread 0x000002718ca8eab0 1752       1       org.springframework.core.convert.support.GenericConversionService$Converters::add (75 bytes)
Event: 33.383 Thread 0x000002718ca8eab0 nmethod 1752 0x0000027194619710 code [0x0000027194619920, 0x0000027194619cb8]
Event: 33.383 Thread 0x000002718ca8eab0 1748       1       org.springframework.core.convert.support.GenericConversionService$ConvertersForPair::add (11 bytes)
Event: 33.383 Thread 0x000002718ca8eab0 nmethod 1748 0x0000027194619410 code [0x00000271946195a0, 0x0000027194619688]
Event: 33.383 Thread 0x000002718ca8eab0 1749       1       java.util.concurrent.ConcurrentLinkedDeque::addFirst (6 bytes)
Event: 33.383 Thread 0x000002718ca8eab0 nmethod 1749 0x0000027194619110 code [0x00000271946192a0, 0x0000027194619388]
Event: 33.383 Thread 0x000002718ca8eab0 1750       1       java.util.concurrent.ConcurrentLinkedDeque::linkFirst (114 bytes)
Event: 33.388 Thread 0x000002718ca8eab0 nmethod 1750 0x0000027194617e90 code [0x0000027194618100, 0x0000027194618bb8]
Event: 33.388 Thread 0x000002718ca8eab0 1751       1       java.util.concurrent.ConcurrentLinkedDeque::newNode (18 bytes)
Event: 33.389 Thread 0x000002718ca8eab0 nmethod 1751 0x0000027194617910 code [0x0000027194617ac0, 0x0000027194617d58]
Event: 33.389 Thread 0x000002718ca8eab0 1754       1       org.springframework.core.ResolvableType::forClass (9 bytes)
Event: 33.390 Thread 0x000002718ca8eab0 nmethod 1754 0x0000027194617590 code [0x0000027194617720, 0x0000027194617848]
Event: 33.390 Thread 0x000002718ca8eab0 1755       1       org.springframework.core.ResolvableType::<init> (47 bytes)
Event: 33.390 Thread 0x000002718ca8eab0 nmethod 1755 0x0000027194617110 code [0x00000271946172a0, 0x00000271946174f8]
Event: 33.390 Thread 0x000002718ca8eab0 1753       1       java.lang.Class::getGenericInterfaces (21 bytes)
Event: 33.390 Thread 0x000002718ca8eab0 nmethod 1753 0x0000027194616b90 code [0x0000027194616d60, 0x0000027194616f98]

GC Heap History (6 events):
Event: 14.801 GC heap before
{Heap before GC invocations=0 (full 0):
 garbage-first heap   total 65536K, used 13312K [0x00000000c1000000, 0x0000000100000000)
  region size 1024K, 13 young (13312K), 0 survivors (0K)
 Metaspace       used 5121K, committed 5376K, reserved 1056768K
  class space    used 605K, committed 768K, reserved 1048576K
}
Event: 14.809 GC heap after
{Heap after GC invocations=1 (full 0):
 garbage-first heap   total 65536K, used 6464K [0x00000000c1000000, 0x0000000100000000)
  region size 1024K, 2 young (2048K), 2 survivors (2048K)
 Metaspace       used 5121K, committed 5376K, reserved 1056768K
  class space    used 605K, committed 768K, reserved 1048576K
}
Event: 20.115 GC heap before
{Heap before GC invocations=1 (full 0):
 garbage-first heap   total 65536K, used 13632K [0x00000000c1000000, 0x0000000100000000)
  region size 1024K, 9 young (9216K), 2 survivors (2048K)
 Metaspace       used 6559K, committed 6720K, reserved 1056768K
  class space    used 793K, committed 896K, reserved 1048576K
}
Event: 20.123 GC heap after
{Heap after GC invocations=2 (full 0):
 garbage-first heap   total 65536K, used 7704K [0x00000000c1000000, 0x0000000100000000)
  region size 1024K, 1 young (1024K), 1 survivors (1024K)
 Metaspace       used 6559K, committed 6720K, reserved 1056768K
  class space    used 793K, committed 896K, reserved 1048576K
}
Event: 33.142 GC heap before
{Heap before GC invocations=2 (full 0):
 garbage-first heap   total 65536K, used 27160K [0x00000000c1000000, 0x0000000100000000)
  region size 1024K, 20 young (20480K), 1 survivors (1024K)
 Metaspace       used 10079K, committed 10304K, reserved 1064960K
  class space    used 1377K, committed 1472K, reserved 1048576K
}
Event: 33.150 GC heap after
{Heap after GC invocations=3 (full 0):
 garbage-first heap   total 65536K, used 8940K [0x00000000c1000000, 0x0000000100000000)
  region size 1024K, 3 young (3072K), 3 survivors (3072K)
 Metaspace       used 10079K, committed 10304K, reserved 1064960K
  class space    used 1377K, committed 1472K, reserved 1048576K
}

Deoptimization events (2 events):
Event: 18.582 Thread 0x000002718c9bc090 DEOPT PACKING pc=0x0000027194509f75 sp=0x000000d9005fdb00
Event: 18.582 Thread 0x000002718c9bc090 DEOPT UNPACKING pc=0x0000027194282b43 sp=0x000000d9005fcf58 mode 3

Classes unloaded (0 events):
No events

Classes redefined (0 events):
No events

Internal exceptions (20 events):
Event: 24.926 Thread 0x000002719cd664a0 Exception <a 'java/lang/NoSuchMethodError'{0x00000000c46613e8}: 'int java.lang.invoke.DirectMethodHandle$Holder.invokeSpecial(java.lang.Object, java.lang.Object, java.lang.Object, java.lang.Object)'> (0x00000000c46613e8) 
thrown [t:\workspace\open\src\hotspot\share\interpreter\linkResolver.cpp, line 766]
Event: 25.850 Thread 0x000002719cd664a0 Exception <a 'java/lang/NoSuchMethodError'{0x00000000c45c6368}: 'java.lang.Object java.lang.invoke.DirectMethodHandle$Holder.newInvokeSpecial(java.lang.Object, java.lang.Object, java.lang.Object, java.lang.Object, java.lang.Object, java.lang.Object)'> (0x00000000c45c6368) 
thrown [t:\workspace\open\src\hotspot\share\interpreter\linkResolver.cpp, line 766]
Event: 26.111 Thread 0x000002719cd664a0 Exception <a 'java/lang/NoSuchMethodError'{0x00000000c447c330}: 'java.lang.Object java.lang.invoke.DirectMethodHandle$Holder.invokeSpecial(java.lang.Object, java.lang.Object, java.lang.Object, java.lang.Object, java.lang.Object, java.lang.Object, int)'> (0x00000000c447c330) 
thrown [t:\workspace\open\src\hotspot\share\interpreter\linkResolver.cpp, line 766]
Event: 26.112 Thread 0x000002719cd664a0 Exception <a 'java/lang/NoSuchMethodError'{0x00000000c4486890}: 'java.lang.Object java.lang.invoke.DirectMethodHandle$Holder.newInvokeSpecial(java.lang.Object, java.lang.Object, java.lang.Object, java.lang.Object, java.lang.Object, java.lang.Object, int)'> (0x00000000c4486890) 
thrown [t:\workspace\open\src\hotspot\share\interpreter\linkResolver.cpp, line 766]
Event: 26.113 Thread 0x000002719cd664a0 Exception <a 'java/lang/NoSuchMethodError'{0x00000000c448b8f8}: 'java.lang.Object java.lang.invoke.DirectMethodHandle$Holder.invokeSpecial(java.lang.Object, java.lang.Object, java.lang.Object, java.lang.Object, java.lang.Object, java.lang.Object, java.lang.Object, int)'> (0x00000000c448b8f8) 
thrown [t:\workspace\open\src\hotspot\share\interpreter\linkResolver.cpp, line 766]
Event: 26.603 Thread 0x000002719cd664a0 Exception <a 'java/lang/NoSuchMethodError'{0x00000000c424ff38}: 'void java.lang.invoke.DirectMethodHandle$Holder.invokeSpecial(java.lang.Object, java.lang.Object, java.lang.Object, java.lang.Object, java.lang.Object)'> (0x00000000c424ff38) 
thrown [t:\workspace\open\src\hotspot\share\interpreter\linkResolver.cpp, line 766]
Event: 31.143 Thread 0x000002719cd664a0 Exception <a 'java/lang/NoSuchMethodError'{0x00000000c4056c00}: 'void java.lang.invoke.DirectMethodHandle$Holder.invokeSpecial(java.lang.Object, java.lang.Object, java.lang.Object, java.lang.Object, java.lang.Object, java.lang.Object)'> (0x00000000c4056c00) 
thrown [t:\workspace\open\src\hotspot\share\interpreter\linkResolver.cpp, line 766]
Event: 31.443 Thread 0x000002719cd664a0 Exception <a 'java/lang/NoSuchMethodError'{0x00000000c40e1ae8}: 'java.lang.Object java.lang.invoke.DirectMethodHandle$Holder.invokeSpecial(java.lang.Object, java.lang.Object, java.lang.Object, int, java.lang.Object)'> (0x00000000c40e1ae8) 
thrown [t:\workspace\open\src\hotspot\share\interpreter\linkResolver.cpp, line 766]
Event: 31.444 Thread 0x000002719cd664a0 Exception <a 'java/lang/NoSuchMethodError'{0x00000000c40ea150}: 'java.lang.Object java.lang.invoke.DirectMethodHandle$Holder.newInvokeSpecial(java.lang.Object, java.lang.Object, java.lang.Object, int, java.lang.Object)'> (0x00000000c40ea150) 
thrown [t:\workspace\open\src\hotspot\share\interpreter\linkResolver.cpp, line 766]
Event: 31.445 Thread 0x000002719cd664a0 Exception <a 'java/lang/NoSuchMethodError'{0x00000000c40f1b50}: 'java.lang.Object java.lang.invoke.Invokers$Holder.linkToTargetMethod(java.lang.Object, java.lang.Object, int, java.lang.Object, java.lang.Object)'> (0x00000000c40f1b50) 
thrown [t:\workspace\open\src\hotspot\share\interpreter\linkResolver.cpp, line 766]
Event: 31.446 Thread 0x000002719cd664a0 Exception <a 'java/lang/NoSuchMethodError'{0x00000000c3f019f8}: 'java.lang.Object java.lang.invoke.DirectMethodHandle$Holder.newInvokeSpecial(java.lang.Object, int, java.lang.Object)'> (0x00000000c3f019f8) 
thrown [t:\workspace\open\src\hotspot\share\interpreter\linkResolver.cpp, line 766]
Event: 31.447 Thread 0x000002719cd664a0 Exception <a 'java/lang/NoSuchMethodError'{0x00000000c3f06438}: 'int java.lang.invoke.DirectMethodHandle$Holder.invokeSpecialIFC(java.lang.Object, java.lang.Object, java.lang.Object, java.lang.Object)'> (0x00000000c3f06438) 
thrown [t:\workspace\open\src\hotspot\share\interpreter\linkResolver.cpp, line 766]
Event: 31.465 Thread 0x000002719cd664a0 Exception <a 'java/lang/NoSuchMethodError'{0x00000000c3fc4978}: 'java.lang.Object java.lang.invoke.DirectMethodHandle$Holder.invokeInterface(java.lang.Object, java.lang.Object)'> (0x00000000c3fc4978) 
thrown [t:\workspace\open\src\hotspot\share\interpreter\linkResolver.cpp, line 766]
Event: 31.468 Thread 0x000002719cd664a0 Exception <a 'java/lang/NoSuchMethodError'{0x00000000c3fd5330}: 'void java.lang.invoke.DirectMethodHandle$Holder.invokeInterface(java.lang.Object, java.lang.Object, java.lang.Object)'> (0x00000000c3fd5330) 
thrown [t:\workspace\open\src\hotspot\share\interpreter\linkResolver.cpp, line 766]
Event: 31.491 Thread 0x000002719cd664a0 Exception <a 'java/lang/NoSuchMethodError'{0x00000000c3e7b700}: 'java.lang.Object java.lang.invoke.DirectMethodHandle$Holder.invokeVirtual(java.lang.Object, java.lang.Object, java.lang.Object)'> (0x00000000c3e7b700) 
thrown [t:\workspace\open\src\hotspot\share\interpreter\linkResolver.cpp, line 766]
Event: 32.269 Thread 0x000002719cd664a0 Exception <a 'java/lang/NoSuchMethodError'{0x00000000c3d166f0}: 'void java.lang.invoke.DirectMethodHandle$Holder.invokeStatic(java.lang.Object, java.lang.Object, int)'> (0x00000000c3d166f0) 
thrown [t:\workspace\open\src\hotspot\share\interpreter\linkResolver.cpp, line 766]
Event: 32.350 Thread 0x000002719cd664a0 Exception <a 'java/lang/NoSuchMethodError'{0x00000000c3d1e3e0}: 'void java.lang.invoke.DirectMethodHandle$Holder.invokeStaticInit(java.lang.Object, java.lang.Object)'> (0x00000000c3d1e3e0) 
thrown [t:\workspace\open\src\hotspot\share\interpreter\linkResolver.cpp, line 766]
Event: 32.659 Thread 0x000002719cd664a0 Exception <a 'java/lang/NoSuchMethodError'{0x00000000c3d38218}: 'void java.lang.invoke.DirectMethodHandle$Holder.invokeStaticInit(java.lang.Object, java.lang.Object, java.lang.Object)'> (0x00000000c3d38218) 
thrown [t:\workspace\open\src\hotspot\share\interpreter\linkResolver.cpp, line 766]
Event: 32.887 Thread 0x000002719cd664a0 Exception <a 'java/lang/NoSuchMethodError'{0x00000000c3da8c98}: 'void java.lang.invoke.DirectMethodHandle$Holder.invokeVirtual(java.lang.Object, java.lang.Object, java.lang.Object, java.lang.Object)'> (0x00000000c3da8c98) 
thrown [t:\workspace\open\src\hotspot\share\interpreter\linkResolver.cpp, line 766]
Event: 33.137 Thread 0x000002719cd664a0 Exception <a 'java/lang/NoSuchMethodError'{0x00000000c3ce4f98}: 'void java.lang.invoke.DirectMethodHandle$Holder.invokeSpecial(java.lang.Object, java.lang.Object, java.lang.Object)'> (0x00000000c3ce4f98) 
thrown [t:\workspace\open\src\hotspot\share\interpreter\linkResolver.cpp, line 766]

VM Operations (20 events):
Event: 21.369 Executing VM operation: HandshakeAllThreads
Event: 21.369 Executing VM operation: HandshakeAllThreads done
Event: 22.375 Executing VM operation: Cleanup
Event: 22.406 Executing VM operation: Cleanup done
Event: 23.418 Executing VM operation: Cleanup
Event: 23.418 Executing VM operation: Cleanup done
Event: 24.428 Executing VM operation: Cleanup
Event: 24.428 Executing VM operation: Cleanup done
Event: 25.441 Executing VM operation: Cleanup
Event: 25.441 Executing VM operation: Cleanup done
Event: 26.312 Executing VM operation: HandshakeAllThreads
Event: 26.312 Executing VM operation: HandshakeAllThreads done
Event: 27.325 Executing VM operation: Cleanup
Event: 27.325 Executing VM operation: Cleanup done
Event: 31.374 Executing VM operation: Cleanup
Event: 31.374 Executing VM operation: Cleanup done
Event: 32.387 Executing VM operation: Cleanup
Event: 32.387 Executing VM operation: Cleanup done
Event: 33.142 Executing VM operation: G1CollectForAllocation
Event: 33.150 Executing VM operation: G1CollectForAllocation done

Events (20 events):
Event: 31.599 loading class org/xml/sax/InputSource done
Event: 32.163 loading class java/util/function/IntUnaryOperator
Event: 32.163 loading class java/util/function/IntUnaryOperator done
Event: 32.164 loading class java/util/stream/IntPipeline$4
Event: 32.268 loading class java/util/stream/IntPipeline$4 done
Event: 32.271 loading class java/util/stream/ForEachOps$ForEachOp$OfInt
Event: 32.345 loading class java/util/stream/ForEachOps$ForEachOp$OfInt done
Event: 32.346 loading class java/util/stream/IntPipeline$4$1
Event: 32.346 loading class java/util/stream/IntPipeline$4$1 done
Event: 32.347 loading class java/util/RegularEnumSet$EnumSetIterator
Event: 32.347 loading class java/util/RegularEnumSet$EnumSetIterator done
Event: 32.794 loading class java/nio/file/attribute/PosixFilePermission
Event: 32.858 loading class java/nio/file/attribute/PosixFilePermission done
Event: 32.997 loading class java/util/Stack
Event: 32.997 loading class java/util/Stack done
Event: 32.999 loading class java/util/Vector$Itr
Event: 33.028 loading class java/util/Vector$Itr done
Event: 33.243 Thread 0x000002719c7ac830 Thread added: 0x000002719c7ac830
Event: 33.648 loading class java/net/MalformedURLException
Event: 33.648 loading class java/net/MalformedURLException done


Dynamic libraries:
0x00007ff6bcfe0000 - 0x00007ff6bcff0000 	C:\Program Files\Java\jdk-17.0.3.1\bin\java.exe
0x00007ffc92990000 - 0x00007ffc92b88000 	C:\WINDOWS\SYSTEM32\ntdll.dll
0x00007ffc91510000 - 0x00007ffc915cd000 	C:\WINDOWS\System32\KERNEL32.DLL
0x00007ffc900b0000 - 0x00007ffc9037e000 	C:\WINDOWS\System32\KERNELBASE.dll
0x00007ffc90630000 - 0x00007ffc90730000 	C:\WINDOWS\System32\ucrtbase.dll
0x00007ffc776b0000 - 0x00007ffc776c8000 	C:\Program Files\Java\jdk-17.0.3.1\bin\jli.dll
0x00007ffc77560000 - 0x00007ffc7757a000 	C:\Program Files\Java\jdk-17.0.3.1\bin\VCRUNTIME140.dll
0x00007ffc90f70000 - 0x00007ffc9101e000 	C:\WINDOWS\System32\ADVAPI32.dll
0x00007ffc92080000 - 0x00007ffc9211e000 	C:\WINDOWS\System32\msvcrt.dll
0x00007ffc90ed0000 - 0x00007ffc90f6c000 	C:\WINDOWS\System32\sechost.dll
0x00007ffc91230000 - 0x00007ffc91355000 	C:\WINDOWS\System32\RPCRT4.dll
0x00007ffc91ee0000 - 0x00007ffc92080000 	C:\WINDOWS\System32\USER32.dll
0x00007ffc7e250000 - 0x00007ffc7e4ea000 	C:\WINDOWS\WinSxS\amd64_microsoft.windows.common-controls_6595b64144ccf1df_6.0.19041.1110_none_60b5254171f9507e\COMCTL32.dll
0x00007ffc90480000 - 0x00007ffc904a2000 	C:\WINDOWS\System32\win32u.dll
0x00007ffc92480000 - 0x00007ffc924aa000 	C:\WINDOWS\System32\GDI32.dll
0x00007ffc904b0000 - 0x00007ffc905bb000 	C:\WINDOWS\System32\gdi32full.dll
0x00007ffc90950000 - 0x00007ffc909ed000 	C:\WINDOWS\System32\msvcp_win.dll
0x00007ffc7f4e0000 - 0x00007ffc7f4ea000 	C:\WINDOWS\SYSTEM32\VERSION.dll
0x00007ffc916b0000 - 0x00007ffc916e0000 	C:\WINDOWS\System32\IMM32.DLL
0x00007ffc84330000 - 0x00007ffc8433c000 	C:\Program Files\Java\jdk-17.0.3.1\bin\vcruntime140_1.dll
0x00007ffc699d0000 - 0x00007ffc69a5d000 	C:\Program Files\Java\jdk-17.0.3.1\bin\msvcp140.dll
0x00007ffc3af50000 - 0x00007ffc3bb10000 	C:\Program Files\Java\jdk-17.0.3.1\bin\server\jvm.dll
0x00007ffc924b0000 - 0x00007ffc924b8000 	C:\WINDOWS\System32\PSAPI.DLL
0x00007ffc77180000 - 0x00007ffc77189000 	C:\WINDOWS\SYSTEM32\WSOCK32.dll
0x00007ffc7e040000 - 0x00007ffc7e067000 	C:\WINDOWS\SYSTEM32\WINMM.dll
0x00007ffc90e60000 - 0x00007ffc90ecb000 	C:\WINDOWS\System32\WS2_32.dll
0x00007ffc8df60000 - 0x00007ffc8df72000 	C:\WINDOWS\SYSTEM32\kernel.appcore.dll
0x00007ffc77690000 - 0x00007ffc7769a000 	C:\Program Files\Java\jdk-17.0.3.1\bin\jimage.dll
0x00007ffc7b0e0000 - 0x00007ffc7b2c4000 	C:\WINDOWS\SYSTEM32\DBGHELP.DLL
0x00007ffc7b0b0000 - 0x00007ffc7b0dc000 	C:\WINDOWS\SYSTEM32\dbgcore.DLL
0x00007ffc90730000 - 0x00007ffc907b2000 	C:\WINDOWS\System32\bcryptPrimitives.dll
0x00007ffc8da00000 - 0x00007ffc8da0e000 	C:\Program Files\Java\jdk-17.0.3.1\bin\instrument.dll
0x00007ffc76c60000 - 0x00007ffc76c85000 	C:\Program Files\Java\jdk-17.0.3.1\bin\java.dll
0x00007ffc4ac40000 - 0x00007ffc4ad16000 	C:\Program Files\Java\jdk-17.0.3.1\bin\jsvml.dll
0x00007ffc916e0000 - 0x00007ffc91e23000 	C:\WINDOWS\System32\SHELL32.dll
0x00007ffc8e160000 - 0x00007ffc8e8f5000 	C:\WINDOWS\SYSTEM32\windows.storage.dll
0x00007ffc925f0000 - 0x00007ffc92944000 	C:\WINDOWS\System32\combase.dll
0x00007ffc8f960000 - 0x00007ffc8f990000 	C:\WINDOWS\SYSTEM32\Wldp.dll
0x00007ffc91e30000 - 0x00007ffc91edd000 	C:\WINDOWS\System32\SHCORE.dll
0x00007ffc91020000 - 0x00007ffc91075000 	C:\WINDOWS\System32\shlwapi.dll
0x00007ffc8fff0000 - 0x00007ffc9000f000 	C:\WINDOWS\SYSTEM32\profapi.dll
0x00007ffc73bc0000 - 0x00007ffc73bd8000 	C:\Program Files\Java\jdk-17.0.3.1\bin\zip.dll
0x00007ffc77190000 - 0x00007ffc771a9000 	C:\Program Files\Java\jdk-17.0.3.1\bin\net.dll
0x00007ffc86eb0000 - 0x00007ffc86fba000 	C:\WINDOWS\SYSTEM32\WINHTTP.dll
0x00007ffc8f740000 - 0x00007ffc8f7aa000 	C:\WINDOWS\system32\mswsock.dll
0x00007ffc76910000 - 0x00007ffc76926000 	C:\Program Files\Java\jdk-17.0.3.1\bin\nio.dll
0x00007ffc8ac30000 - 0x00007ffc8ac4a000 	C:\Program Files\JetBrains\IntelliJ IDEA 2021.3\bin\breakgen64.dll
0x00007ffc8f490000 - 0x00007ffc8f55a000 	C:\WINDOWS\SYSTEM32\DNSAPI.dll
0x00007ffc8f450000 - 0x00007ffc8f48b000 	C:\WINDOWS\SYSTEM32\IPHLPAPI.DLL
0x00007ffc91430000 - 0x00007ffc91438000 	C:\WINDOWS\System32\NSI.dll
0x00007ffc85900000 - 0x00007ffc8590a000 	C:\Windows\System32\rasadhlp.dll
0x00007ffc86be0000 - 0x00007ffc86c60000 	C:\WINDOWS\System32\fwpuclnt.dll
0x00007ffc907c0000 - 0x00007ffc907e7000 	C:\WINDOWS\System32\bcrypt.dll
0x00007ffc8b440000 - 0x00007ffc8b449000 	C:\Program Files\Java\jdk-17.0.3.1\bin\management.dll
0x00007ffc89d50000 - 0x00007ffc89d5b000 	C:\Program Files\Java\jdk-17.0.3.1\bin\management_ext.dll
0x00007ffc8fd30000 - 0x00007ffc8fd48000 	C:\WINDOWS\SYSTEM32\CRYPTSP.dll
0x00007ffc8f0e0000 - 0x00007ffc8f114000 	C:\WINDOWS\system32\rsaenh.dll
0x00007ffc8ffb0000 - 0x00007ffc8ffde000 	C:\WINDOWS\SYSTEM32\USERENV.dll
0x00007ffc8f8d0000 - 0x00007ffc8f8dc000 	C:\WINDOWS\SYSTEM32\CRYPTBASE.dll
0x00007ffc85ca0000 - 0x00007ffc85cb7000 	C:\WINDOWS\SYSTEM32\dhcpcsvc6.DLL
0x00007ffc85c80000 - 0x00007ffc85c9d000 	C:\WINDOWS\SYSTEM32\dhcpcsvc.DLL
0x00007ffc8bbf0000 - 0x00007ffc8bc07000 	C:\WINDOWS\system32\napinsp.dll
0x00007ffc8bbd0000 - 0x00007ffc8bbeb000 	C:\WINDOWS\system32\pnrpnsp.dll
0x00007ffc8baa0000 - 0x00007ffc8babd000 	C:\WINDOWS\system32\NLAapi.dll
0x00007ffc88c20000 - 0x00007ffc88c35000 	C:\WINDOWS\system32\wshbth.dll
0x00007ffc8bbb0000 - 0x00007ffc8bbc2000 	C:\WINDOWS\System32\winrnr.dll

dbghelp: loaded successfully - version: 4.0.5 - missing functions: none
symbol engine: initialized successfully - sym options: 0x614 - pdb path: .;C:\Program Files\Java\jdk-17.0.3.1\bin;C:\WINDOWS\SYSTEM32;C:\WINDOWS\WinSxS\amd64_microsoft.windows.common-controls_6595b64144ccf1df_6.0.19041.1110_none_60b5254171f9507e;C:\Program Files\Java\jdk-17.0.3.1\bin\server;C:\Program Files\JetBrains\IntelliJ IDEA 2021.3\bin

VM Arguments:
jvm_args: -XX:TieredStopAtLevel=1 -Xverify:none -Dspring.output.ansi.enabled=always -javaagent:C:\Program Files\JetBrains\IntelliJ IDEA 2021.3\lib\idea_rt.jar=49811:C:\Program Files\JetBrains\IntelliJ IDEA 2021.3\bin -Dcom.sun.management.jmxremote -Dspring.jmx.enabled=true -Dspring.liveBeansView.mbeanDomain -Dspring.application.admin.enabled=true -Dfile.encoding=UTF-8 
java_command: com.saraya.airportgeo.AirportGeoApplication
java_class_path (initial): D:\SPRING BOOT\Microservices\AirportProject\AirportGeo\target\classes;C:\Users\Elbachir Diatta\.m2\repository\org\springframework\boot\spring-boot-starter-data-jdbc\2.7.4\spring-boot-starter-data-jdbc-2.7.4.jar;C:\Users\Elbachir Diatta\.m2\repository\org\springframework\boot\spring-boot-starter-jdbc\2.7.4\spring-boot-starter-jdbc-2.7.4.jar;C:\Users\Elbachir Diatta\.m2\repository\com\zaxxer\HikariCP\4.0.3\HikariCP-4.0.3.jar;C:\Users\Elbachir Diatta\.m2\repository\org\springframework\spring-jdbc\5.3.23\spring-jdbc-5.3.23.jar;C:\Users\Elbachir Diatta\.m2\repository\org\springframework\data\spring-data-jdbc\2.4.3\spring-data-jdbc-2.4.3.jar;C:\Users\Elbachir Diatta\.m2\repository\org\springframework\data\spring-data-relational\2.4.3\spring-data-relational-2.4.3.jar;C:\Users\Elbachir Diatta\.m2\repository\org\springframework\data\spring-data-commons\2.7.3\spring-data-commons-2.7.3.jar;C:\Users\Elbachir Diatta\.m2\repository\org\springframework\spring-tx\5.3.23\spring-tx-5.3.23.jar;C:\Users\Elbachir Diatta\.m2\repository\org\springframework\spring-context\5.3.23\spring-context-5.3.23.jar;C:\Users\Elbachir Diatta\.m2\repository\org\springframework\spring-beans\5.3.23\spring-beans-5.3.23.jar;C:\Users\Elbachir Diatta\.m2\repository\org\slf4j\slf4j-api\1.7.36\slf4j-api-1.7.36.jar;C:\Users\Elbachir Diatta\.m2\repository\org\springframework\boot\spring-boot-starter-data-jpa\2.7.4\spring-boot-starter-data-jpa-2.7.4.jar;C:\Users\Elbachir Diatta\.m2\repository\org\springframework\boot\spring-boot-starter-aop\2.7.4\spring-boot-starter-aop-2.7.4.jar;C:\Users\Elbachir Diatta\.m2\repository\org\springframework\spring-aop\5.3.23\spring-aop-5.3.23.jar;C:\Users\Elbachir Diatta\.m2\repository\org\aspectj\aspectjweaver\1.9.7\aspectjweaver-1.9.7.jar;C:\Users\Elbachir Diatta\.m2\repository\jakarta\transaction\jakarta.transaction-api\1.3.3\jakarta.transaction-api-1.3.3.jar;C:\Users\Elbachir Diatta\.m2\repository\jakarta\persistence\jakarta.persistence-api\2.2.3\jak
Launcher Type: SUN_STANDARD

[Global flags]
     intx CICompilerCount                          = 3                                         {product} {ergonomic}
     uint ConcGCThreads                            = 1                                         {product} {ergonomic}
     uint G1ConcRefinementThreads                  = 4                                         {product} {ergonomic}
   size_t G1HeapRegionSize                         = 1048576                                   {product} {ergonomic}
    uintx GCDrainStackTargetSize                   = 64                                        {product} {ergonomic}
   size_t InitialHeapSize                          = 67108864                                  {product} {ergonomic}
     bool ManagementServer                         = true                                      {product} {command line}
   size_t MarkStackSize                            = 4194304                                   {product} {ergonomic}
   size_t MaxHeapSize                              = 1056964608                                {product} {ergonomic}
   size_t MaxNewSize                               = 633339904                                 {product} {ergonomic}
   size_t MinHeapDeltaBytes                        = 1048576                                   {product} {ergonomic}
   size_t MinHeapSize                              = 8388608                                   {product} {ergonomic}
    uintx NonProfiledCodeHeapSize                  = 0                                      {pd product} {ergonomic}
     bool ProfileInterpreter                       = false                                  {pd product} {command line}
    uintx ProfiledCodeHeapSize                     = 0                                      {pd product} {ergonomic}
   size_t SoftMaxHeapSize                          = 1056964608                             {manageable} {ergonomic}
     intx TieredStopAtLevel                        = 1                                         {product} {command line}
     bool UseCompressedClassPointers               = true                           {product lp64_product} {ergonomic}
     bool UseCompressedOops                        = true                           {product lp64_product} {ergonomic}
     bool UseG1GC                                  = true                                      {product} {ergonomic}
     bool UseLargePagesIndividualAllocation        = false                                  {pd product} {ergonomic}

Logging:
Log output configuration:
 #0: stdout all=warning uptime,level,tags
 #1: stderr all=off uptime,level,tags

Environment Variables:
JAVA_HOME=C:\Program Files\Java\jdk-17.0.3.1\bin
PATH=C:\Program Files\Common Files\Oracle\Java\javapath;C:\WINDOWS\system32;C:\WINDOWS;C:\WINDOWS\System32\Wbem;C:\WINDOWS\System32\WindowsPowerShell\v1.0\;C:\WINDOWS\System32\OpenSSH\;C:\Program Files\Java\jdk-17.0.3.1\bin;C:\Program Files\nodejs\;C:\Program Files\PuTTY\;C:\Program Files\MongoDB\Server\6.0\bin;C:\Program Files\Docker\Docker\resources\bin;C:\ProgramData\DockerDesktop\version-bin;C:\Program Files\Git\cmd;C:\Program Files\Java\jdk-11.0.16\bin;C:\Program Files\MySQL\MySQL Shell 8.0\bin\;C:\Users\Elbachir Diatta\AppData\Local\Microsoft\WindowsApps;;C:\Program Files\JetBrains\IntelliJ IDEA 2021.3\bin;;C:\Program Files\JetBrains\IntelliJ IDEA Community Edition 2021.3\bin;;C:\Users\Elbachir Diatta\AppData\Local\Programs\Microsoft VS Code\bin;C:\Users\Elbachir Diatta\AppData\Roaming\npm
USERNAME=Elbachir Diatta
OS=Windows_NT
PROCESSOR_IDENTIFIER=Intel64 Family 6 Model 42 Stepping 7, GenuineIntel



---------------  S Y S T E M  ---------------

OS:
 Windows 10 , 64 bit Build 19041 (10.0.19041.1889)
OS uptime: 0 days 11:36 hours
Hyper-V role detected

CPU: total 4 (initial active 4) (2 cores per cpu, 2 threads per core) family 6 model 42 stepping 7 microcode 0x2f, cx8, cmov, fxsr, ht, mmx, sse, sse2, sse3, ssse3, sse4.1, sse4.2, popcnt, tsc, tscinvbit, avx, aes, clmul, vzeroupper, clflush, hv

Memory: 4k page, system-wide physical 4030M (243M free)
TotalPageFile size 7358M (AvailPageFile size 1255M)
current process WorkingSet (physical memory assigned to process): 79M, peak: 79M
current process commit charge ("private bytes"): 148M, peak: 148M

vm_info: Java HotSpot(TM) 64-Bit Server VM (17.0.3.1+2-LTS-6) for windows-amd64 JRE (17.0.3.1+2-LTS-6), built on Apr 25 2022 22:04:21 by "mach5one" with MS VC++ 16.8 / 16.9 (VS2019)

END.
