#
# A fatal error has been detected by the Java Runtime Environment:
#
#  Internal Error (macroAssembler_x86.cpp:864), pid=2764, tid=14724
#  fatal error: DEBUG MESSAGE: unimplemented bytecode
#
# JRE version: Java(TM) SE Runtime Environment (17.0.3.1+2) (build 17.0.3.1+2-LTS-6)
# Java VM: Java HotSpot(TM) 64-Bit Server VM (17.0.3.1+2-LTS-6, mixed mode, emulated-client, sharing, tiered, compressed oops, compressed class ptrs, g1 gc, windows-amd64)
# No core dump will be written. Minidumps are not enabled by default on client versions of Windows
#
# If you would like to submit a bug report, please visit:
#   https://bugreport.java.com/bugreport/crash.jsp
#

---------------  S U M M A R Y ------------

Command Line: -XX:TieredStopAtLevel=1 -Xverify:none -Dspring.output.ansi.enabled=always -javaagent:C:\Program Files\JetBrains\IntelliJ IDEA 2021.3\lib\idea_rt.jar=52254:C:\Program Files\JetBrains\IntelliJ IDEA 2021.3\bin -Dcom.sun.management.jmxremote -Dspring.jmx.enabled=true -Dspring.liveBeansView.mbeanDomain -Dspring.application.admin.enabled=true -Dfile.encoding=UTF-8 com.saraya.airportgeo.AirportGeoApplication

Host: Intel(R) Core(TM) i5-2520M CPU @ 2.50GHz, 4 cores, 3G,  Windows 10 , 64 bit Build 19041 (10.0.19041.1889)
Time: Sun Sep 25 23:54:37 2022 Greenwich elapsed time: 22.151312 seconds (0d 0h 0m 22s)

---------------  T H R E A D  ---------------

Current thread (0x0000015f89ac0e60):  JavaThread "background-preinit" [_thread_in_Java, id=14724, stack(0x00000033d2e00000,0x00000033d2f00000)]

Stack: [0x00000033d2e00000,0x00000033d2f00000]
Native frames: (J=compiled Java code, j=interpreted, Vv=VM code, C=native code)
V  [jvm.dll+0x6711ba]
V  [jvm.dll+0x7d0834]
V  [jvm.dll+0x7d1fde]
V  [jvm.dll+0x2429df]
V  [jvm.dll+0x5a6d5e]
C  0x0000015ff950905b


---------------  P R O C E S S  ---------------

Threads class SMR info:
_java_thread_list=0x0000015f89ac45b0, length=18, elements={
0x0000015ff942bc70, 0x0000015ff94eb9c0, 0x0000015ff94ec830, 0x0000015ff94fa930,
0x0000015ff94fd6b0, 0x0000015ff94fe060, 0x0000015ff94fea10, 0x0000015ffedf2980,
0x0000015ffedfb380, 0x0000015fff8302b0, 0x0000015fffb7a130, 0x0000015fffb7a600,
0x0000015f8989e6a0, 0x0000015fff808090, 0x0000015fff8089e0, 0x0000015f89ac0e60,
0x0000015f89ac5bb0, 0x0000015f89be8b50
}

Java Threads: ( => current thread )
  0x0000015ff942bc70 JavaThread "main" [_thread_blocked, id=856, stack(0x00000033d1200000,0x00000033d1300000)]
  0x0000015ff94eb9c0 JavaThread "Reference Handler" daemon [_thread_blocked, id=7932, stack(0x00000033d1900000,0x00000033d1a00000)]
  0x0000015ff94ec830 JavaThread "Finalizer" daemon [_thread_blocked, id=6140, stack(0x00000033d1a00000,0x00000033d1b00000)]
  0x0000015ff94fa930 JavaThread "Signal Dispatcher" daemon [_thread_blocked, id=9832, stack(0x00000033d1b00000,0x00000033d1c00000)]
  0x0000015ff94fd6b0 JavaThread "Attach Listener" daemon [_thread_blocked, id=9632, stack(0x00000033d1c00000,0x00000033d1d00000)]
  0x0000015ff94fe060 JavaThread "Service Thread" daemon [_thread_blocked, id=12796, stack(0x00000033d1d00000,0x00000033d1e00000)]
  0x0000015ff94fea10 JavaThread "Monitor Deflation Thread" daemon [_thread_blocked, id=13068, stack(0x00000033d1e00000,0x00000033d1f00000)]
  0x0000015ffedf2980 JavaThread "C1 CompilerThread0" daemon [_thread_blocked, id=11412, stack(0x00000033d1f00000,0x00000033d2000000)]
  0x0000015ffedfb380 JavaThread "Sweeper thread" daemon [_thread_blocked, id=1744, stack(0x00000033d2000000,0x00000033d2100000)]
  0x0000015fff8302b0 JavaThread "Common-Cleaner" daemon [_thread_blocked, id=5408, stack(0x00000033d2100000,0x00000033d2200000)]
  0x0000015fffb7a130 JavaThread "Monitor Ctrl-Break" daemon [_thread_in_native, id=9720, stack(0x00000033d2200000,0x00000033d2300000)]
  0x0000015fffb7a600 JavaThread "Notification Thread" daemon [_thread_blocked, id=3112, stack(0x00000033d2300000,0x00000033d2400000)]
  0x0000015f8989e6a0 JavaThread "RMI TCP Accept-0" daemon [_thread_in_native, id=5944, stack(0x00000033d2400000,0x00000033d2500000)]
  0x0000015fff808090 JavaThread "Thread-0" [_thread_blocked, id=9596, stack(0x00000033d2c00000,0x00000033d2d00000)]
  0x0000015fff8089e0 JavaThread "restartedMain" [_thread_blocked, id=14800, stack(0x00000033d2d00000,0x00000033d2e00000)]
=>0x0000015f89ac0e60 JavaThread "background-preinit" [_thread_in_Java, id=14724, stack(0x00000033d2e00000,0x00000033d2f00000)]
  0x0000015f89ac5bb0 JavaThread "RMI TCP Connection(1)-192.168.236.1" daemon [_thread_blocked, id=4760, stack(0x00000033d2f00000,0x00000033d3000000)]
  0x0000015f89be8b50 JavaThread "RMI Scheduler(0)" daemon [_thread_blocked, id=14380, stack(0x00000033d3000000,0x00000033d3100000)]

Other Threads:
  0x0000015ff94e4db0 VMThread "VM Thread" [stack: 0x00000033d1800000,0x00000033d1900000] [id=12876] _threads_hazard_ptr=0x0000015f89ac45b0
  0x0000015f8988de40 WatcherThread [stack: 0x00000033d2500000,0x00000033d2600000] [id=12700]
  0x0000015ff9468730 GCTaskThread "GC Thread#0" [stack: 0x00000033d1300000,0x00000033d1400000] [id=6468]
  0x0000015f8998c010 GCTaskThread "GC Thread#1" [stack: 0x00000033d2600000,0x00000033d2700000] [id=13792]
  0x0000015f899ad7f0 GCTaskThread "GC Thread#2" [stack: 0x00000033d2700000,0x00000033d2800000] [id=12548]
  0x0000015f899adaa0 GCTaskThread "GC Thread#3" [stack: 0x00000033d2800000,0x00000033d2900000] [id=5912]
  0x0000015ff9471470 ConcurrentGCThread "G1 Main Marker" [stack: 0x00000033d1400000,0x00000033d1500000] [id=13760]
  0x0000015ff9472620 ConcurrentGCThread "G1 Conc#0" [stack: 0x00000033d1500000,0x00000033d1600000] [id=5892]
  0x0000015ff94bf9e0 ConcurrentGCThread "G1 Refine#0" [stack: 0x00000033d1600000,0x00000033d1700000] [id=14532]
  0x0000015f8993b0a0 ConcurrentGCThread "G1 Refine#1" [stack: 0x00000033d2900000,0x00000033d2a00000] [id=7088]
  0x0000015fff9a48e0 ConcurrentGCThread "G1 Refine#2" [stack: 0x00000033d2a00000,0x00000033d2b00000] [id=10052]
  0x0000015fffb8efd0 ConcurrentGCThread "G1 Refine#3" [stack: 0x00000033d2b00000,0x00000033d2c00000] [id=2296]
  0x0000015ff94c0400 ConcurrentGCThread "G1 Service" [stack: 0x00000033d1700000,0x00000033d1800000] [id=12460]

Threads with active compile tasks:

VM state: synchronizing (normal execution)

VM Mutex/Monitor currently owned by a thread:  ([mutex/lock_event])
[0x0000015ff9428570] Threads_lock - owner thread: 0x0000015ff94e4db0
[0x0000015ff94288d0] Heap_lock - owner thread: 0x0000015fff8089e0

Heap address: 0x00000000c1000000, size: 1008 MB, Compressed Oops mode: 32-bit

CDS archive(s) mapped at: [0x0000000800000000-0x0000000800bc0000-0x0000000800bc0000), size 12320768, SharedBaseAddress: 0x0000000800000000, ArchiveRelocationMode: 0.
Compressed class space mapped at: 0x0000000800c00000-0x0000000840c00000, reserved size: 1073741824
Narrow klass base: 0x0000000800000000, Narrow klass shift: 0, Narrow klass range: 0x100000000

GC Precious Log:
 CPUs: 4 total, 4 available
 Memory: 4030M
 Large Page Support: Disabled
 NUMA Support: Disabled
 Compressed Oops: Enabled (32-bit)
 Heap Region Size: 1M
 Heap Min Capacity: 8M
 Heap Initial Capacity: 64M
 Heap Max Capacity: 1008M
 Pre-touch: Disabled
 Parallel Workers: 4
 Concurrent Workers: 1
 Concurrent Refinement Workers: 4
 Periodic GC: Disabled

Heap:
 garbage-first heap   total 65536K, used 28108K [0x00000000c1000000, 0x0000000100000000)
  region size 1024K, 21 young (21504K), 1 survivors (1024K)
 Metaspace       used 10635K, committed 10880K, reserved 1064960K
  class space    used 1445K, committed 1536K, reserved 1048576K

Heap Regions: E=young(eden), S=young(survivor), O=old, HS=humongous(starts), HC=humongous(continues), CS=collection set, F=free, OA=open archive, CA=closed archive, TAMS=top-at-mark-start (previous, next)
|   0|0x00000000c1000000, 0x00000000c1100000, 0x00000000c1100000|100%|HS|  |TAMS 0x00000000c1000000, 0x00000000c1000000| Complete 
|   1|0x00000000c1100000, 0x00000000c1200000, 0x00000000c1200000|100%| O|  |TAMS 0x00000000c1100000, 0x00000000c1100000| Untracked 
|   2|0x00000000c1200000, 0x00000000c1300000, 0x00000000c1300000|100%| O|  |TAMS 0x00000000c1200000, 0x00000000c1200000| Untracked 
|   3|0x00000000c1300000, 0x00000000c1400000, 0x00000000c1400000|100%| O|  |TAMS 0x00000000c1300000, 0x00000000c1300000| Untracked 
|   4|0x00000000c1400000, 0x00000000c1500000, 0x00000000c1500000|100%| O|  |TAMS 0x00000000c1400000, 0x00000000c1400000| Untracked 
|   5|0x00000000c1500000, 0x00000000c1600000, 0x00000000c1600000|100%| O|  |TAMS 0x00000000c1500000, 0x00000000c1500000| Untracked 
|   6|0x00000000c1600000, 0x00000000c1700000, 0x00000000c1700000|100%| O|  |TAMS 0x00000000c1600000, 0x00000000c1600000| Untracked 
|   7|0x00000000c1700000, 0x00000000c1700000, 0x00000000c1800000|  0%| F|  |TAMS 0x00000000c1700000, 0x00000000c1700000| Untracked 
|   8|0x00000000c1800000, 0x00000000c1800000, 0x00000000c1900000|  0%| F|  |TAMS 0x00000000c1800000, 0x00000000c1800000| Untracked 
|   9|0x00000000c1900000, 0x00000000c1900000, 0x00000000c1a00000|  0%| F|  |TAMS 0x00000000c1900000, 0x00000000c1900000| Untracked 
|  10|0x00000000c1a00000, 0x00000000c1a00000, 0x00000000c1b00000|  0%| F|  |TAMS 0x00000000c1a00000, 0x00000000c1a00000| Untracked 
|  11|0x00000000c1b00000, 0x00000000c1b00000, 0x00000000c1c00000|  0%| F|  |TAMS 0x00000000c1b00000, 0x00000000c1b00000| Untracked 
|  12|0x00000000c1c00000, 0x00000000c1c00000, 0x00000000c1d00000|  0%| F|  |TAMS 0x00000000c1c00000, 0x00000000c1c00000| Untracked 
|  13|0x00000000c1d00000, 0x00000000c1d00000, 0x00000000c1e00000|  0%| F|  |TAMS 0x00000000c1d00000, 0x00000000c1d00000| Untracked 
|  14|0x00000000c1e00000, 0x00000000c1e00000, 0x00000000c1f00000|  0%| F|  |TAMS 0x00000000c1e00000, 0x00000000c1e00000| Untracked 
|  15|0x00000000c1f00000, 0x00000000c1f00000, 0x00000000c2000000|  0%| F|  |TAMS 0x00000000c1f00000, 0x00000000c1f00000| Untracked 
|  16|0x00000000c2000000, 0x00000000c2000000, 0x00000000c2100000|  0%| F|  |TAMS 0x00000000c2000000, 0x00000000c2000000| Untracked 
|  17|0x00000000c2100000, 0x00000000c2100000, 0x00000000c2200000|  0%| F|  |TAMS 0x00000000c2100000, 0x00000000c2100000| Untracked 
|  18|0x00000000c2200000, 0x00000000c2200000, 0x00000000c2300000|  0%| F|  |TAMS 0x00000000c2200000, 0x00000000c2200000| Untracked 
|  19|0x00000000c2300000, 0x00000000c2300000, 0x00000000c2400000|  0%| F|  |TAMS 0x00000000c2300000, 0x00000000c2300000| Untracked 
|  20|0x00000000c2400000, 0x00000000c2400000, 0x00000000c2500000|  0%| F|  |TAMS 0x00000000c2400000, 0x00000000c2400000| Untracked 
|  21|0x00000000c2500000, 0x00000000c2500000, 0x00000000c2600000|  0%| F|  |TAMS 0x00000000c2500000, 0x00000000c2500000| Untracked 
|  22|0x00000000c2600000, 0x00000000c2600000, 0x00000000c2700000|  0%| F|  |TAMS 0x00000000c2600000, 0x00000000c2600000| Untracked 
|  23|0x00000000c2700000, 0x00000000c2700000, 0x00000000c2800000|  0%| F|  |TAMS 0x00000000c2700000, 0x00000000c2700000| Untracked 
|  24|0x00000000c2800000, 0x00000000c2800000, 0x00000000c2900000|  0%| F|  |TAMS 0x00000000c2800000, 0x00000000c2800000| Untracked 
|  25|0x00000000c2900000, 0x00000000c2900000, 0x00000000c2a00000|  0%| F|  |TAMS 0x00000000c2900000, 0x00000000c2900000| Untracked 
|  26|0x00000000c2a00000, 0x00000000c2a00000, 0x00000000c2b00000|  0%| F|  |TAMS 0x00000000c2a00000, 0x00000000c2a00000| Untracked 
|  27|0x00000000c2b00000, 0x00000000c2b00000, 0x00000000c2c00000|  0%| F|  |TAMS 0x00000000c2b00000, 0x00000000c2b00000| Untracked 
|  28|0x00000000c2c00000, 0x00000000c2c00000, 0x00000000c2d00000|  0%| F|  |TAMS 0x00000000c2c00000, 0x00000000c2c00000| Untracked 
|  29|0x00000000c2d00000, 0x00000000c2d00000, 0x00000000c2e00000|  0%| F|  |TAMS 0x00000000c2d00000, 0x00000000c2d00000| Untracked 
|  30|0x00000000c2e00000, 0x00000000c2e00000, 0x00000000c2f00000|  0%| F|  |TAMS 0x00000000c2e00000, 0x00000000c2e00000| Untracked 
|  31|0x00000000c2f00000, 0x00000000c2f00000, 0x00000000c3000000|  0%| F|  |TAMS 0x00000000c2f00000, 0x00000000c2f00000| Untracked 
|  32|0x00000000c3000000, 0x00000000c3000000, 0x00000000c3100000|  0%| F|  |TAMS 0x00000000c3000000, 0x00000000c3000000| Untracked 
|  33|0x00000000c3100000, 0x00000000c3100000, 0x00000000c3200000|  0%| F|  |TAMS 0x00000000c3100000, 0x00000000c3100000| Untracked 
|  34|0x00000000c3200000, 0x00000000c3200000, 0x00000000c3300000|  0%| F|  |TAMS 0x00000000c3200000, 0x00000000c3200000| Untracked 
|  35|0x00000000c3300000, 0x00000000c3300000, 0x00000000c3400000|  0%| F|  |TAMS 0x00000000c3300000, 0x00000000c3300000| Untracked 
|  36|0x00000000c3400000, 0x00000000c3400000, 0x00000000c3500000|  0%| F|  |TAMS 0x00000000c3400000, 0x00000000c3400000| Untracked 
|  37|0x00000000c3500000, 0x00000000c3500000, 0x00000000c3600000|  0%| F|  |TAMS 0x00000000c3500000, 0x00000000c3500000| Untracked 
|  38|0x00000000c3600000, 0x00000000c3600000, 0x00000000c3700000|  0%| F|  |TAMS 0x00000000c3600000, 0x00000000c3600000| Untracked 
|  39|0x00000000c3700000, 0x00000000c3700000, 0x00000000c3800000|  0%| F|  |TAMS 0x00000000c3700000, 0x00000000c3700000| Untracked 
|  40|0x00000000c3800000, 0x00000000c3800000, 0x00000000c3900000|  0%| F|  |TAMS 0x00000000c3800000, 0x00000000c3800000| Untracked 
|  41|0x00000000c3900000, 0x00000000c3900000, 0x00000000c3a00000|  0%| F|  |TAMS 0x00000000c3900000, 0x00000000c3900000| Untracked 
|  42|0x00000000c3a00000, 0x00000000c3a00000, 0x00000000c3b00000|  0%| F|  |TAMS 0x00000000c3a00000, 0x00000000c3a00000| Untracked 
|  43|0x00000000c3b00000, 0x00000000c3c00000, 0x00000000c3c00000|100%| E|CS|TAMS 0x00000000c3b00000, 0x00000000c3b00000| Complete 
|  44|0x00000000c3c00000, 0x00000000c3d00000, 0x00000000c3d00000|100%| E|CS|TAMS 0x00000000c3c00000, 0x00000000c3c00000| Complete 
|  45|0x00000000c3d00000, 0x00000000c3e00000, 0x00000000c3e00000|100%| E|CS|TAMS 0x00000000c3d00000, 0x00000000c3d00000| Complete 
|  46|0x00000000c3e00000, 0x00000000c3f00000, 0x00000000c3f00000|100%| E|CS|TAMS 0x00000000c3e00000, 0x00000000c3e00000| Complete 
|  47|0x00000000c3f00000, 0x00000000c4000000, 0x00000000c4000000|100%| E|CS|TAMS 0x00000000c3f00000, 0x00000000c3f00000| Complete 
|  48|0x00000000c4000000, 0x00000000c4100000, 0x00000000c4100000|100%| E|CS|TAMS 0x00000000c4000000, 0x00000000c4000000| Complete 
|  49|0x00000000c4100000, 0x00000000c4200000, 0x00000000c4200000|100%| E|CS|TAMS 0x00000000c4100000, 0x00000000c4100000| Complete 
|  50|0x00000000c4200000, 0x00000000c4300000, 0x00000000c4300000|100%| E|CS|TAMS 0x00000000c4200000, 0x00000000c4200000| Complete 
|  51|0x00000000c4300000, 0x00000000c4400000, 0x00000000c4400000|100%| E|CS|TAMS 0x00000000c4300000, 0x00000000c4300000| Complete 
|  52|0x00000000c4400000, 0x00000000c4500000, 0x00000000c4500000|100%| E|CS|TAMS 0x00000000c4400000, 0x00000000c4400000| Complete 
|  53|0x00000000c4500000, 0x00000000c4600000, 0x00000000c4600000|100%| E|CS|TAMS 0x00000000c4500000, 0x00000000c4500000| Complete 
|  54|0x00000000c4600000, 0x00000000c4700000, 0x00000000c4700000|100%| E|CS|TAMS 0x00000000c4600000, 0x00000000c4600000| Complete 
|  55|0x00000000c4700000, 0x00000000c4800000, 0x00000000c4800000|100%| E|CS|TAMS 0x00000000c4700000, 0x00000000c4700000| Complete 
|  56|0x00000000c4800000, 0x00000000c48730b0, 0x00000000c4900000| 44%| S|CS|TAMS 0x00000000c4800000, 0x00000000c4800000| Complete 
|  57|0x00000000c4900000, 0x00000000c4a00000, 0x00000000c4a00000|100%| E|CS|TAMS 0x00000000c4900000, 0x00000000c4900000| Complete 
|  58|0x00000000c4a00000, 0x00000000c4b00000, 0x00000000c4b00000|100%| E|CS|TAMS 0x00000000c4a00000, 0x00000000c4a00000| Complete 
|  59|0x00000000c4b00000, 0x00000000c4c00000, 0x00000000c4c00000|100%| E|CS|TAMS 0x00000000c4b00000, 0x00000000c4b00000| Complete 
|  60|0x00000000c4c00000, 0x00000000c4d00000, 0x00000000c4d00000|100%| E|CS|TAMS 0x00000000c4c00000, 0x00000000c4c00000| Complete 
|  61|0x00000000c4d00000, 0x00000000c4e00000, 0x00000000c4e00000|100%| E|CS|TAMS 0x00000000c4d00000, 0x00000000c4d00000| Complete 
|  62|0x00000000c4e00000, 0x00000000c4f00000, 0x00000000c4f00000|100%| E|CS|TAMS 0x00000000c4e00000, 0x00000000c4e00000| Complete 
|  63|0x00000000c4f00000, 0x00000000c5000000, 0x00000000c5000000|100%| E|CS|TAMS 0x00000000c4f00000, 0x00000000c4f00000| Complete 

Card table byte_map: [0x0000015ffc500000,0x0000015ffc700000] _byte_map_base: 0x0000015ffbef8000

Marking Bits (Prev, Next): (CMBitMap*) 0x0000015ff9468d40, (CMBitMap*) 0x0000015ff9468d80
 Prev Bits: [0x0000015ffc900000, 0x0000015ffd8c0000)
 Next Bits: [0x0000015ffd8c0000, 0x0000015ffe880000)

Polling page: 0x0000015ff8c00000

Metaspace:

Usage:
  Non-class:      8.98 MB used.
      Class:      1.41 MB used.
       Both:     10.39 MB used.

Virtual space:
  Non-class space:       16.00 MB reserved,       9.12 MB ( 57%) committed,  2 nodes.
      Class space:        1.00 GB reserved,       1.50 MB ( <1%) committed,  1 nodes.
             Both:        1.02 GB reserved,      10.62 MB (  1%) committed. 

Chunk freelists:
   Non-Class:  2.47 MB
       Class:  2.53 MB
        Both:  5.00 MB

MaxMetaspaceSize: unlimited
CompressedClassSpaceSize: 1.00 GB
Initial GC threshold: 21.00 MB
Current GC threshold: 21.00 MB
CDS: on
MetaspaceReclaimPolicy: balanced
 - commit_granule_bytes: 65536.
 - commit_granule_words: 8192.
 - virtual_space_node_default_size: 1048576.
 - enlarge_chunks_in_place: 1.
 - new_chunks_are_fully_committed: 0.
 - uncommit_free_chunks: 1.
 - use_allocation_guard: 0.
 - handle_deallocations: 1.


Internal statistics:

num_allocs_failed_limit: 0.
num_arena_births: 186.
num_arena_deaths: 0.
num_vsnodes_births: 3.
num_vsnodes_deaths: 0.
num_space_committed: 170.
num_space_uncommitted: 0.
num_chunks_returned_to_freelist: 0.
num_chunks_taken_from_freelist: 444.
num_chunk_merges: 0.
num_chunk_splits: 282.
num_chunks_enlarged: 191.
num_purges: 0.
num_inconsistent_stats: 0.

CodeCache: size=49152Kb used=3752Kb max_used=3752Kb free=45400Kb
 bounds [0x0000015ff9500000, 0x0000015ff98b0000, 0x0000015ffc500000]
 total_blobs=2225 nmethods=1765 adapters=387
 compilation: enabled
              stopped_count=0, restarted_count=0
 full_count=0

Compilation events (20 events):
Event: 22.034 Thread 0x0000015ffedf2980 1734       1       java.util.stream.Sink::begin (1 bytes)
Event: 22.034 Thread 0x0000015ffedf2980 nmethod 1734 0x0000015ff989ef10 code [0x0000015ff989f0a0, 0x0000015ff989f158]
Event: 22.084 Thread 0x0000015ffedf2980 1736       1       java.util.Collections::singleton (9 bytes)
Event: 22.084 Thread 0x0000015ffedf2980 nmethod 1736 0x0000015ff989f510 code [0x0000015ff989f6a0, 0x0000015ff989f7f8]
Event: 22.084 Thread 0x0000015ffedf2980 1738       1       org.springframework.core.ResolvableType::getGenerics (148 bytes)
Event: 22.085 Thread 0x0000015ffedf2980 nmethod 1738 0x0000015ff989f890 code [0x0000015ff989fae0, 0x0000015ff98a0578]
Event: 22.085 Thread 0x0000015ffedf2980 1739       1       java.util.Collections$SingletonSet::iterator (8 bytes)
Event: 22.086 Thread 0x0000015ffedf2980 nmethod 1739 0x0000015ff98a0990 code [0x0000015ff98a0b20, 0x0000015ff98a0c98]
Event: 22.086 Thread 0x0000015ffedf2980 1737       1       java.util.Collections$SingletonSet::<init> (10 bytes)
Event: 22.086 Thread 0x0000015ffedf2980 nmethod 1737 0x0000015ff98a0d10 code [0x0000015ff98a0ea0, 0x0000015ff98a0fb8]
Event: 22.086 Thread 0x0000015ffedf2980 1740       1       java.util.concurrent.ConcurrentLinkedDeque::addFirst (6 bytes)
Event: 22.086 Thread 0x0000015ffedf2980 nmethod 1740 0x0000015ff98a1010 code [0x0000015ff98a11a0, 0x0000015ff98a1288]
Event: 22.086 Thread 0x0000015ffedf2980 1741       1       java.util.concurrent.ConcurrentLinkedDeque::linkFirst (114 bytes)
Event: 22.088 Thread 0x0000015ffedf2980 nmethod 1741 0x0000015ff98a1310 code [0x0000015ff98a1580, 0x0000015ff98a2038]
Event: 22.088 Thread 0x0000015ffedf2980 1742       1       java.util.concurrent.ConcurrentLinkedDeque::newNode (18 bytes)
Event: 22.088 Thread 0x0000015ffedf2980 nmethod 1742 0x0000015ff98a2590 code [0x0000015ff98a2740, 0x0000015ff98a29d8]
Event: 22.088 Thread 0x0000015ffedf2980 1743       1       org.springframework.core.ResolvableType::forClass (9 bytes)
Event: 22.088 Thread 0x0000015ffedf2980 nmethod 1743 0x0000015ff98a2b10 code [0x0000015ff98a2ca0, 0x0000015ff98a2dc8]
Event: 22.088 Thread 0x0000015ffedf2980 1744       1       org.springframework.core.ResolvableType::<init> (47 bytes)
Event: 22.088 Thread 0x0000015ffedf2980 nmethod 1744 0x0000015ff98a2e90 code [0x0000015ff98a3020, 0x0000015ff98a3278]

GC Heap History (4 events):
Event: 12.671 GC heap before
{Heap before GC invocations=0 (full 0):
 garbage-first heap   total 65536K, used 13312K [0x00000000c1000000, 0x0000000100000000)
  region size 1024K, 13 young (13312K), 0 survivors (0K)
 Metaspace       used 5233K, committed 5504K, reserved 1056768K
  class space    used 620K, committed 768K, reserved 1048576K
}
Event: 12.681 GC heap after
{Heap after GC invocations=1 (full 0):
 garbage-first heap   total 65536K, used 6877K [0x00000000c1000000, 0x0000000100000000)
  region size 1024K, 2 young (2048K), 2 survivors (2048K)
 Metaspace       used 5233K, committed 5504K, reserved 1056768K
  class space    used 620K, committed 768K, reserved 1048576K
}
Event: 16.513 GC heap before
{Heap before GC invocations=1 (full 0):
 garbage-first heap   total 65536K, used 14045K [0x00000000c1000000, 0x0000000100000000)
  region size 1024K, 9 young (9216K), 2 survivors (2048K)
 Metaspace       used 6560K, committed 6720K, reserved 1056768K
  class space    used 793K, committed 896K, reserved 1048576K
}
Event: 16.519 GC heap after
{Heap after GC invocations=2 (full 0):
 garbage-first heap   total 65536K, used 7628K [0x00000000c1000000, 0x0000000100000000)
  region size 1024K, 1 young (1024K), 1 survivors (1024K)
 Metaspace       used 6560K, committed 6720K, reserved 1056768K
  class space    used 793K, committed 896K, reserved 1048576K
}

Deoptimization events (2 events):
Event: 14.759 Thread 0x0000015ff942bc70 DEOPT PACKING pc=0x0000015ff96b7e75 sp=0x00000033d12fdb30
Event: 14.759 Thread 0x0000015ff942bc70 DEOPT UNPACKING pc=0x0000015ff9552b43 sp=0x00000033d12fcf88 mode 3

Classes unloaded (0 events):
No events

Classes redefined (0 events):
No events

Internal exceptions (20 events):
Event: 19.889 Thread 0x0000015fff8089e0 Exception <a 'java/lang/NoSuchMethodError'{0x00000000c4750bf0}: 'int java.lang.invoke.DirectMethodHandle$Holder.invokeSpecial(java.lang.Object, java.lang.Object, java.lang.Object, java.lang.Object)'> (0x00000000c4750bf0) 
thrown [t:\workspace\open\src\hotspot\share\interpreter\linkResolver.cpp, line 766]
Event: 20.245 Thread 0x0000015fff8089e0 Exception <a 'java/lang/NoSuchMethodError'{0x00000000c46b3f20}: 'java.lang.Object java.lang.invoke.DirectMethodHandle$Holder.newInvokeSpecial(java.lang.Object, java.lang.Object, java.lang.Object, java.lang.Object, java.lang.Object, java.lang.Object)'> (0x00000000c46b3f20) 
thrown [t:\workspace\open\src\hotspot\share\interpreter\linkResolver.cpp, line 766]
Event: 20.269 Thread 0x0000015fff8089e0 Exception <a 'java/lang/NoSuchMethodError'{0x00000000c4566208}: 'java.lang.Object java.lang.invoke.DirectMethodHandle$Holder.invokeSpecial(java.lang.Object, java.lang.Object, java.lang.Object, java.lang.Object, java.lang.Object, java.lang.Object, int)'> (0x00000000c4566208) 
thrown [t:\workspace\open\src\hotspot\share\interpreter\linkResolver.cpp, line 766]
Event: 20.270 Thread 0x0000015fff8089e0 Exception <a 'java/lang/NoSuchMethodError'{0x00000000c4570788}: 'java.lang.Object java.lang.invoke.DirectMethodHandle$Holder.newInvokeSpecial(java.lang.Object, java.lang.Object, java.lang.Object, java.lang.Object, java.lang.Object, java.lang.Object, int)'> (0x00000000c4570788) 
thrown [t:\workspace\open\src\hotspot\share\interpreter\linkResolver.cpp, line 766]
Event: 20.270 Thread 0x0000015fff8089e0 Exception <a 'java/lang/NoSuchMethodError'{0x00000000c45757c8}: 'java.lang.Object java.lang.invoke.DirectMethodHandle$Holder.invokeSpecial(java.lang.Object, java.lang.Object, java.lang.Object, java.lang.Object, java.lang.Object, java.lang.Object, java.lang.Object, int)'> (0x00000000c45757c8) 
thrown [t:\workspace\open\src\hotspot\share\interpreter\linkResolver.cpp, line 766]
Event: 20.790 Thread 0x0000015fff8089e0 Exception <a 'java/lang/NoSuchMethodError'{0x00000000c433aeb0}: 'void java.lang.invoke.DirectMethodHandle$Holder.invokeSpecial(java.lang.Object, java.lang.Object, java.lang.Object, java.lang.Object, java.lang.Object)'> (0x00000000c433aeb0) 
thrown [t:\workspace\open\src\hotspot\share\interpreter\linkResolver.cpp, line 766]
Event: 21.292 Thread 0x0000015fff8089e0 Exception <a 'java/lang/NoSuchMethodError'{0x00000000c413f4f0}: 'void java.lang.invoke.DirectMethodHandle$Holder.invokeSpecial(java.lang.Object, java.lang.Object, java.lang.Object, java.lang.Object, java.lang.Object, java.lang.Object)'> (0x00000000c413f4f0) 
thrown [t:\workspace\open\src\hotspot\share\interpreter\linkResolver.cpp, line 766]
Event: 21.360 Thread 0x0000015fff8089e0 Exception <a 'java/lang/NoSuchMethodError'{0x00000000c41ca788}: 'java.lang.Object java.lang.invoke.DirectMethodHandle$Holder.invokeSpecial(java.lang.Object, java.lang.Object, java.lang.Object, int, java.lang.Object)'> (0x00000000c41ca788) 
thrown [t:\workspace\open\src\hotspot\share\interpreter\linkResolver.cpp, line 766]
Event: 21.360 Thread 0x0000015fff8089e0 Exception <a 'java/lang/NoSuchMethodError'{0x00000000c41d2e10}: 'java.lang.Object java.lang.invoke.DirectMethodHandle$Holder.newInvokeSpecial(java.lang.Object, java.lang.Object, java.lang.Object, int, java.lang.Object)'> (0x00000000c41d2e10) 
thrown [t:\workspace\open\src\hotspot\share\interpreter\linkResolver.cpp, line 766]
Event: 21.361 Thread 0x0000015fff8089e0 Exception <a 'java/lang/NoSuchMethodError'{0x00000000c41da7e0}: 'java.lang.Object java.lang.invoke.Invokers$Holder.linkToTargetMethod(java.lang.Object, java.lang.Object, int, java.lang.Object, java.lang.Object)'> (0x00000000c41da7e0) 
thrown [t:\workspace\open\src\hotspot\share\interpreter\linkResolver.cpp, line 766]
Event: 21.363 Thread 0x0000015fff8089e0 Exception <a 'java/lang/NoSuchMethodError'{0x00000000c41ea5a0}: 'java.lang.Object java.lang.invoke.DirectMethodHandle$Holder.newInvokeSpecial(java.lang.Object, int, java.lang.Object)'> (0x00000000c41ea5a0) 
thrown [t:\workspace\open\src\hotspot\share\interpreter\linkResolver.cpp, line 766]
Event: 21.363 Thread 0x0000015fff8089e0 Exception <a 'java/lang/NoSuchMethodError'{0x00000000c41eefe0}: 'int java.lang.invoke.DirectMethodHandle$Holder.invokeSpecialIFC(java.lang.Object, java.lang.Object, java.lang.Object, java.lang.Object)'> (0x00000000c41eefe0) 
thrown [t:\workspace\open\src\hotspot\share\interpreter\linkResolver.cpp, line 766]
Event: 21.402 Thread 0x0000015fff8089e0 Exception <a 'java/lang/NoSuchMethodError'{0x00000000c40abf00}: 'java.lang.Object java.lang.invoke.DirectMethodHandle$Holder.invokeInterface(java.lang.Object, java.lang.Object)'> (0x00000000c40abf00) 
thrown [t:\workspace\open\src\hotspot\share\interpreter\linkResolver.cpp, line 766]
Event: 21.414 Thread 0x0000015fff8089e0 Exception <a 'java/lang/NoSuchMethodError'{0x00000000c40bc808}: 'void java.lang.invoke.DirectMethodHandle$Holder.invokeInterface(java.lang.Object, java.lang.Object, java.lang.Object)'> (0x00000000c40bc808) 
thrown [t:\workspace\open\src\hotspot\share\interpreter\linkResolver.cpp, line 766]
Event: 21.486 Thread 0x0000015fff8089e0 Exception <a 'java/lang/NoSuchMethodError'{0x00000000c3f61998}: 'java.lang.Object java.lang.invoke.DirectMethodHandle$Holder.invokeVirtual(java.lang.Object, java.lang.Object, java.lang.Object)'> (0x00000000c3f61998) 
thrown [t:\workspace\open\src\hotspot\share\interpreter\linkResolver.cpp, line 766]
Event: 21.684 Thread 0x0000015fff8089e0 Exception <a 'java/lang/NoSuchMethodError'{0x00000000c3e505e0}: 'void java.lang.invoke.DirectMethodHandle$Holder.invokeStatic(java.lang.Object, java.lang.Object, int)'> (0x00000000c3e505e0) 
thrown [t:\workspace\open\src\hotspot\share\interpreter\linkResolver.cpp, line 766]
Event: 21.688 Thread 0x0000015fff8089e0 Exception <a 'java/lang/NoSuchMethodError'{0x00000000c3e58350}: 'void java.lang.invoke.DirectMethodHandle$Holder.invokeStaticInit(java.lang.Object, java.lang.Object)'> (0x00000000c3e58350) 
thrown [t:\workspace\open\src\hotspot\share\interpreter\linkResolver.cpp, line 766]
Event: 21.711 Thread 0x0000015fff8089e0 Exception <a 'java/lang/NoSuchMethodError'{0x00000000c3ed8758}: 'void java.lang.invoke.DirectMethodHandle$Holder.invokeStaticInit(java.lang.Object, java.lang.Object, java.lang.Object)'> (0x00000000c3ed8758) 
thrown [t:\workspace\open\src\hotspot\share\interpreter\linkResolver.cpp, line 766]
Event: 21.860 Thread 0x0000015fff8089e0 Exception <a 'java/lang/NoSuchMethodError'{0x00000000c3d488c8}: 'void java.lang.invoke.DirectMethodHandle$Holder.invokeVirtual(java.lang.Object, java.lang.Object, java.lang.Object, java.lang.Object)'> (0x00000000c3d488c8) 
thrown [t:\workspace\open\src\hotspot\share\interpreter\linkResolver.cpp, line 766]
Event: 22.032 Thread 0x0000015fff8089e0 Exception <a 'java/lang/NoSuchMethodError'{0x00000000c3c833f8}: 'void java.lang.invoke.DirectMethodHandle$Holder.invokeSpecial(java.lang.Object, java.lang.Object, java.lang.Object)'> (0x00000000c3c833f8) 
thrown [t:\workspace\open\src\hotspot\share\interpreter\linkResolver.cpp, line 766]

VM Operations (20 events):
Event: 13.688 Executing VM operation: Cleanup
Event: 13.704 Executing VM operation: Cleanup done
Event: 13.705 Executing VM operation: HandshakeAllThreads
Event: 13.705 Executing VM operation: HandshakeAllThreads done
Event: 14.713 Executing VM operation: Cleanup
Event: 14.714 Executing VM operation: Cleanup done
Event: 16.513 Executing VM operation: G1CollectForAllocation
Event: 16.519 Executing VM operation: G1CollectForAllocation done
Event: 17.522 Executing VM operation: Cleanup
Event: 17.522 Executing VM operation: Cleanup done
Event: 17.585 Executing VM operation: HandshakeAllThreads
Event: 17.586 Executing VM operation: HandshakeAllThreads done
Event: 18.597 Executing VM operation: Cleanup
Event: 18.612 Executing VM operation: Cleanup done
Event: 19.623 Executing VM operation: Cleanup
Event: 19.623 Executing VM operation: Cleanup done
Event: 20.522 Executing VM operation: HandshakeAllThreads
Event: 20.522 Executing VM operation: HandshakeAllThreads done
Event: 21.533 Executing VM operation: Cleanup
Event: 21.534 Executing VM operation: Cleanup done

Events (20 events):
Event: 21.695 loading class sun/util/resources/OpenListResourceBundle done
Event: 21.695 loading class sun/util/resources/TimeZoneNamesBundle done
Event: 21.695 loading class sun/util/resources/cldr/TimeZoneNames done
Event: 21.696 loading class sun/util/resources/cldr/TimeZoneNames_en
Event: 21.697 loading class sun/util/resources/cldr/TimeZoneNames_en done
Event: 21.698 loading class sun/util/resources/cldr/TimeZoneNames_en_US
Event: 21.698 loading class sun/util/resources/cldr/TimeZoneNames_en_US done
Event: 21.699 loading class sun/util/resources/TimeZoneNames
Event: 21.700 loading class sun/util/resources/TimeZoneNames done
Event: 21.700 loading class sun/util/resources/TimeZoneNames_en
Event: 21.701 loading class sun/util/resources/TimeZoneNames_en done
Event: 21.777 loading class java/nio/file/attribute/PosixFilePermission
Event: 21.842 loading class java/nio/file/attribute/PosixFilePermission done
Event: 21.913 loading class java/util/Stack
Event: 21.913 loading class java/util/Stack done
Event: 21.914 loading class java/util/Vector$Itr
Event: 21.934 loading class java/util/Vector$Itr done
Event: 22.049 Thread 0x0000015f89ac0e60 Thread added: 0x0000015f89ac0e60
Event: 22.053 loading class java/net/MalformedURLException
Event: 22.053 loading class java/net/MalformedURLException done


Dynamic libraries:
0x00007ff68f440000 - 0x00007ff68f450000 	C:\Program Files\Java\jdk-17.0.3.1\bin\java.exe
0x00007ffc92990000 - 0x00007ffc92b88000 	C:\WINDOWS\SYSTEM32\ntdll.dll
0x00007ffc91510000 - 0x00007ffc915cd000 	C:\WINDOWS\System32\KERNEL32.DLL
0x00007ffc900b0000 - 0x00007ffc9037e000 	C:\WINDOWS\System32\KERNELBASE.dll
0x00007ffc90630000 - 0x00007ffc90730000 	C:\WINDOWS\System32\ucrtbase.dll
0x00007ffc7e9d0000 - 0x00007ffc7e9e8000 	C:\Program Files\Java\jdk-17.0.3.1\bin\jli.dll
0x00007ffc78a00000 - 0x00007ffc78a1a000 	C:\Program Files\Java\jdk-17.0.3.1\bin\VCRUNTIME140.dll
0x00007ffc90f70000 - 0x00007ffc9101e000 	C:\WINDOWS\System32\ADVAPI32.dll
0x00007ffc92080000 - 0x00007ffc9211e000 	C:\WINDOWS\System32\msvcrt.dll
0x00007ffc90ed0000 - 0x00007ffc90f6c000 	C:\WINDOWS\System32\sechost.dll
0x00007ffc91230000 - 0x00007ffc91355000 	C:\WINDOWS\System32\RPCRT4.dll
0x00007ffc91ee0000 - 0x00007ffc92080000 	C:\WINDOWS\System32\USER32.dll
0x00007ffc90480000 - 0x00007ffc904a2000 	C:\WINDOWS\System32\win32u.dll
0x00007ffc7e250000 - 0x00007ffc7e4ea000 	C:\WINDOWS\WinSxS\amd64_microsoft.windows.common-controls_6595b64144ccf1df_6.0.19041.1110_none_60b5254171f9507e\COMCTL32.dll
0x00007ffc92480000 - 0x00007ffc924aa000 	C:\WINDOWS\System32\GDI32.dll
0x00007ffc904b0000 - 0x00007ffc905bb000 	C:\WINDOWS\System32\gdi32full.dll
0x00007ffc90950000 - 0x00007ffc909ed000 	C:\WINDOWS\System32\msvcp_win.dll
0x00007ffc7f4e0000 - 0x00007ffc7f4ea000 	C:\WINDOWS\SYSTEM32\VERSION.dll
0x00007ffc916b0000 - 0x00007ffc916e0000 	C:\WINDOWS\System32\IMM32.DLL
0x00007ffc8bba0000 - 0x00007ffc8bbac000 	C:\Program Files\Java\jdk-17.0.3.1\bin\vcruntime140_1.dll
0x00007ffc777e0000 - 0x00007ffc7786d000 	C:\Program Files\Java\jdk-17.0.3.1\bin\msvcp140.dll
0x00007ffc43910000 - 0x00007ffc444d0000 	C:\Program Files\Java\jdk-17.0.3.1\bin\server\jvm.dll
0x00007ffc924b0000 - 0x00007ffc924b8000 	C:\WINDOWS\System32\PSAPI.DLL
0x00007ffc7e040000 - 0x00007ffc7e067000 	C:\WINDOWS\SYSTEM32\WINMM.dll
0x00007ffc8d930000 - 0x00007ffc8d939000 	C:\WINDOWS\SYSTEM32\WSOCK32.dll
0x00007ffc90e60000 - 0x00007ffc90ecb000 	C:\WINDOWS\System32\WS2_32.dll
0x00007ffc8df60000 - 0x00007ffc8df72000 	C:\WINDOWS\SYSTEM32\kernel.appcore.dll
0x00007ffc89d80000 - 0x00007ffc89d8a000 	C:\Program Files\Java\jdk-17.0.3.1\bin\jimage.dll
0x00007ffc7b0e0000 - 0x00007ffc7b2c4000 	C:\WINDOWS\SYSTEM32\DBGHELP.DLL
0x00007ffc7b0b0000 - 0x00007ffc7b0dc000 	C:\WINDOWS\SYSTEM32\dbgcore.DLL
0x00007ffc90730000 - 0x00007ffc907b2000 	C:\WINDOWS\System32\bcryptPrimitives.dll
0x00007ffc89dc0000 - 0x00007ffc89dce000 	C:\Program Files\Java\jdk-17.0.3.1\bin\instrument.dll
0x00007ffc77700000 - 0x00007ffc77725000 	C:\Program Files\Java\jdk-17.0.3.1\bin\java.dll
0x00007ffc74690000 - 0x00007ffc74766000 	C:\Program Files\Java\jdk-17.0.3.1\bin\jsvml.dll
0x00007ffc916e0000 - 0x00007ffc91e23000 	C:\WINDOWS\System32\SHELL32.dll
0x00007ffc8e160000 - 0x00007ffc8e8f5000 	C:\WINDOWS\SYSTEM32\windows.storage.dll
0x00007ffc925f0000 - 0x00007ffc92944000 	C:\WINDOWS\System32\combase.dll
0x00007ffc8f960000 - 0x00007ffc8f990000 	C:\WINDOWS\SYSTEM32\Wldp.dll
0x00007ffc91e30000 - 0x00007ffc91edd000 	C:\WINDOWS\System32\SHCORE.dll
0x00007ffc91020000 - 0x00007ffc91075000 	C:\WINDOWS\System32\shlwapi.dll
0x00007ffc8fff0000 - 0x00007ffc9000f000 	C:\WINDOWS\SYSTEM32\profapi.dll
0x00007ffc777a0000 - 0x00007ffc777b8000 	C:\Program Files\Java\jdk-17.0.3.1\bin\zip.dll
0x00007ffc7ea90000 - 0x00007ffc7eaa9000 	C:\Program Files\Java\jdk-17.0.3.1\bin\net.dll
0x00007ffc86eb0000 - 0x00007ffc86fba000 	C:\WINDOWS\SYSTEM32\WINHTTP.dll
0x00007ffc8f740000 - 0x00007ffc8f7aa000 	C:\WINDOWS\system32\mswsock.dll
0x00007ffc777c0000 - 0x00007ffc777d6000 	C:\Program Files\Java\jdk-17.0.3.1\bin\nio.dll
0x00007ffc89da0000 - 0x00007ffc89dba000 	C:\Program Files\JetBrains\IntelliJ IDEA 2021.3\bin\breakgen64.dll
0x00007ffc8f490000 - 0x00007ffc8f55a000 	C:\WINDOWS\SYSTEM32\DNSAPI.dll
0x00007ffc8f450000 - 0x00007ffc8f48b000 	C:\WINDOWS\SYSTEM32\IPHLPAPI.DLL
0x00007ffc91430000 - 0x00007ffc91438000 	C:\WINDOWS\System32\NSI.dll
0x00007ffc85900000 - 0x00007ffc8590a000 	C:\Windows\System32\rasadhlp.dll
0x00007ffc86be0000 - 0x00007ffc86c60000 	C:\WINDOWS\System32\fwpuclnt.dll
0x00007ffc907c0000 - 0x00007ffc907e7000 	C:\WINDOWS\System32\bcrypt.dll
0x00007ffc89d90000 - 0x00007ffc89d99000 	C:\Program Files\Java\jdk-17.0.3.1\bin\management.dll
0x00007ffc894e0000 - 0x00007ffc894eb000 	C:\Program Files\Java\jdk-17.0.3.1\bin\management_ext.dll
0x00007ffc8fd30000 - 0x00007ffc8fd48000 	C:\WINDOWS\SYSTEM32\CRYPTSP.dll
0x00007ffc8f0e0000 - 0x00007ffc8f114000 	C:\WINDOWS\system32\rsaenh.dll
0x00007ffc8ffb0000 - 0x00007ffc8ffde000 	C:\WINDOWS\SYSTEM32\USERENV.dll
0x00007ffc8f8d0000 - 0x00007ffc8f8dc000 	C:\WINDOWS\SYSTEM32\CRYPTBASE.dll
0x00007ffc85ca0000 - 0x00007ffc85cb7000 	C:\WINDOWS\SYSTEM32\dhcpcsvc6.DLL
0x00007ffc85c80000 - 0x00007ffc85c9d000 	C:\WINDOWS\SYSTEM32\dhcpcsvc.DLL
0x00007ffc8bbf0000 - 0x00007ffc8bc07000 	C:\WINDOWS\system32\napinsp.dll
0x00007ffc8bbd0000 - 0x00007ffc8bbeb000 	C:\WINDOWS\system32\pnrpnsp.dll
0x00007ffc8baa0000 - 0x00007ffc8babd000 	C:\WINDOWS\system32\NLAapi.dll
0x00007ffc88c20000 - 0x00007ffc88c35000 	C:\WINDOWS\system32\wshbth.dll
0x00007ffc8bbb0000 - 0x00007ffc8bbc2000 	C:\WINDOWS\System32\winrnr.dll

dbghelp: loaded successfully - version: 4.0.5 - missing functions: none
symbol engine: initialized successfully - sym options: 0x614 - pdb path: .;C:\Program Files\Java\jdk-17.0.3.1\bin;C:\WINDOWS\SYSTEM32;C:\WINDOWS\WinSxS\amd64_microsoft.windows.common-controls_6595b64144ccf1df_6.0.19041.1110_none_60b5254171f9507e;C:\Program Files\Java\jdk-17.0.3.1\bin\server;C:\Program Files\JetBrains\IntelliJ IDEA 2021.3\bin

VM Arguments:
jvm_args: -XX:TieredStopAtLevel=1 -Xverify:none -Dspring.output.ansi.enabled=always -javaagent:C:\Program Files\JetBrains\IntelliJ IDEA 2021.3\lib\idea_rt.jar=52254:C:\Program Files\JetBrains\IntelliJ IDEA 2021.3\bin -Dcom.sun.management.jmxremote -Dspring.jmx.enabled=true -Dspring.liveBeansView.mbeanDomain -Dspring.application.admin.enabled=true -Dfile.encoding=UTF-8 
java_command: com.saraya.airportgeo.AirportGeoApplication
java_class_path (initial): D:\SPRING BOOT\Microservices\projet2\AirportGeo\target\classes;C:\Users\Elbachir Diatta\.m2\repository\org\springframework\boot\spring-boot-starter-data-jdbc\2.7.4\spring-boot-starter-data-jdbc-2.7.4.jar;C:\Users\Elbachir Diatta\.m2\repository\org\springframework\boot\spring-boot-starter-jdbc\2.7.4\spring-boot-starter-jdbc-2.7.4.jar;C:\Users\Elbachir Diatta\.m2\repository\com\zaxxer\HikariCP\4.0.3\HikariCP-4.0.3.jar;C:\Users\Elbachir Diatta\.m2\repository\org\springframework\spring-jdbc\5.3.23\spring-jdbc-5.3.23.jar;C:\Users\Elbachir Diatta\.m2\repository\org\springframework\data\spring-data-jdbc\2.4.3\spring-data-jdbc-2.4.3.jar;C:\Users\Elbachir Diatta\.m2\repository\org\springframework\data\spring-data-relational\2.4.3\spring-data-relational-2.4.3.jar;C:\Users\Elbachir Diatta\.m2\repository\org\springframework\data\spring-data-commons\2.7.3\spring-data-commons-2.7.3.jar;C:\Users\Elbachir Diatta\.m2\repository\org\springframework\spring-tx\5.3.23\spring-tx-5.3.23.jar;C:\Users\Elbachir Diatta\.m2\repository\org\springframework\spring-context\5.3.23\spring-context-5.3.23.jar;C:\Users\Elbachir Diatta\.m2\repository\org\springframework\spring-beans\5.3.23\spring-beans-5.3.23.jar;C:\Users\Elbachir Diatta\.m2\repository\org\slf4j\slf4j-api\1.7.36\slf4j-api-1.7.36.jar;C:\Users\Elbachir Diatta\.m2\repository\org\springframework\boot\spring-boot-starter-data-jpa\2.7.4\spring-boot-starter-data-jpa-2.7.4.jar;C:\Users\Elbachir Diatta\.m2\repository\org\springframework\boot\spring-boot-starter-aop\2.7.4\spring-boot-starter-aop-2.7.4.jar;C:\Users\Elbachir Diatta\.m2\repository\org\springframework\spring-aop\5.3.23\spring-aop-5.3.23.jar;C:\Users\Elbachir Diatta\.m2\repository\org\aspectj\aspectjweaver\1.9.7\aspectjweaver-1.9.7.jar;C:\Users\Elbachir Diatta\.m2\repository\jakarta\transaction\jakarta.transaction-api\1.3.3\jakarta.transaction-api-1.3.3.jar;C:\Users\Elbachir Diatta\.m2\repository\jakarta\persistence\jakarta.persistence-api\2.2.3\jakarta.pe
Launcher Type: SUN_STANDARD

[Global flags]
     intx CICompilerCount                          = 3                                         {product} {ergonomic}
     uint ConcGCThreads                            = 1                                         {product} {ergonomic}
     uint G1ConcRefinementThreads                  = 4                                         {product} {ergonomic}
   size_t G1HeapRegionSize                         = 1048576                                   {product} {ergonomic}
    uintx GCDrainStackTargetSize                   = 64                                        {product} {ergonomic}
   size_t InitialHeapSize                          = 67108864                                  {product} {ergonomic}
     bool ManagementServer                         = true                                      {product} {command line}
   size_t MarkStackSize                            = 4194304                                   {product} {ergonomic}
   size_t MaxHeapSize                              = 1056964608                                {product} {ergonomic}
   size_t MaxNewSize                               = 633339904                                 {product} {ergonomic}
   size_t MinHeapDeltaBytes                        = 1048576                                   {product} {ergonomic}
   size_t MinHeapSize                              = 8388608                                   {product} {ergonomic}
    uintx NonProfiledCodeHeapSize                  = 0                                      {pd product} {ergonomic}
     bool ProfileInterpreter                       = false                                  {pd product} {command line}
    uintx ProfiledCodeHeapSize                     = 0                                      {pd product} {ergonomic}
   size_t SoftMaxHeapSize                          = 1056964608                             {manageable} {ergonomic}
     intx TieredStopAtLevel                        = 1                                         {product} {command line}
     bool UseCompressedClassPointers               = true                           {product lp64_product} {ergonomic}
     bool UseCompressedOops                        = true                           {product lp64_product} {ergonomic}
     bool UseG1GC                                  = true                                      {product} {ergonomic}
     bool UseLargePagesIndividualAllocation        = false                                  {pd product} {ergonomic}

Logging:
Log output configuration:
 #0: stdout all=warning uptime,level,tags
 #1: stderr all=off uptime,level,tags

Environment Variables:
JAVA_HOME=C:\Program Files\Java\jdk-17.0.3.1\bin
PATH=C:\Program Files\Common Files\Oracle\Java\javapath;C:\WINDOWS\system32;C:\WINDOWS;C:\WINDOWS\System32\Wbem;C:\WINDOWS\System32\WindowsPowerShell\v1.0\;C:\WINDOWS\System32\OpenSSH\;C:\Program Files\Java\jdk-17.0.3.1\bin;C:\Program Files\nodejs\;C:\Program Files\PuTTY\;C:\Program Files\MongoDB\Server\6.0\bin;C:\Program Files\Docker\Docker\resources\bin;C:\ProgramData\DockerDesktop\version-bin;C:\Program Files\Git\cmd;C:\Program Files\MySQL\MySQL Shell 8.0\bin\;C:\Users\Elbachir Diatta\AppData\Local\Microsoft\WindowsApps;;C:\Program Files\JetBrains\IntelliJ IDEA 2021.3\bin;;C:\Program Files\JetBrains\IntelliJ IDEA Community Edition 2021.3\bin;;C:\Users\Elbachir Diatta\AppData\Local\Programs\Microsoft VS Code\bin;C:\Users\Elbachir Diatta\AppData\Roaming\npm
USERNAME=Elbachir Diatta
OS=Windows_NT
PROCESSOR_IDENTIFIER=Intel64 Family 6 Model 42 Stepping 7, GenuineIntel



---------------  S Y S T E M  ---------------

OS:
 Windows 10 , 64 bit Build 19041 (10.0.19041.1889)
OS uptime: 0 days 2:00 hours
Hyper-V role detected

CPU: total 4 (initial active 4) (2 cores per cpu, 2 threads per core) family 6 model 42 stepping 7 microcode 0x2f, cx8, cmov, fxsr, ht, mmx, sse, sse2, sse3, ssse3, sse4.1, sse4.2, popcnt, tsc, tscinvbit, avx, aes, clmul, vzeroupper, clflush, hv

Memory: 4k page, system-wide physical 4030M (201M free)
TotalPageFile size 7358M (AvailPageFile size 2258M)
current process WorkingSet (physical memory assigned to process): 79M, peak: 79M
current process commit charge ("private bytes"): 149M, peak: 149M

vm_info: Java HotSpot(TM) 64-Bit Server VM (17.0.3.1+2-LTS-6) for windows-amd64 JRE (17.0.3.1+2-LTS-6), built on Apr 25 2022 22:04:21 by "mach5one" with MS VC++ 16.8 / 16.9 (VS2019)

END.
