#
# A fatal error has been detected by the Java Runtime Environment:
#
#  Internal Error (macroAssembler_x86.cpp:864), pid=10068, tid=5644
#  fatal error: DEBUG MESSAGE: unimplemented bytecode
#
# JRE version: Java(TM) SE Runtime Environment (17.0.3.1+2) (build 17.0.3.1+2-LTS-6)
# Java VM: Java HotSpot(TM) 64-Bit Server VM (17.0.3.1+2-LTS-6, mixed mode, emulated-client, sharing, tiered, compressed oops, compressed class ptrs, g1 gc, windows-amd64)
# No core dump will be written. Minidumps are not enabled by default on client versions of Windows
#
# If you would like to submit a bug report, please visit:
#   https://bugreport.java.com/bugreport/crash.jsp
#

---------------  S U M M A R Y ------------

Command Line: -XX:TieredStopAtLevel=1 -Xverify:none -Dspring.output.ansi.enabled=always -javaagent:C:\Program Files\JetBrains\IntelliJ IDEA 2021.3\lib\idea_rt.jar=49444:C:\Program Files\JetBrains\IntelliJ IDEA 2021.3\bin -Dcom.sun.management.jmxremote -Dspring.jmx.enabled=true -Dspring.liveBeansView.mbeanDomain -Dspring.application.admin.enabled=true -Dfile.encoding=UTF-8 com.saraya.airline.AirlineApplication

Host: Intel(R) Core(TM) i5-2520M CPU @ 2.50GHz, 4 cores, 3G,  Windows 10 , 64 bit Build 19041 (10.0.19041.1889)
Time: Mon Sep 26 08:41:57 2022 Greenwich elapsed time: 34.228515 seconds (0d 0h 0m 34s)

---------------  T H R E A D  ---------------

Current thread (0x000001c59a667160):  JavaThread "background-preinit" [_thread_in_Java, id=5644, stack(0x00000030fbf00000,0x00000030fc000000)]

Stack: [0x00000030fbf00000,0x00000030fc000000]
Native frames: (J=compiled Java code, j=interpreted, Vv=VM code, C=native code)
V  [jvm.dll+0x6711ba]
V  [jvm.dll+0x7d0834]
V  [jvm.dll+0x7d1fde]
V  [jvm.dll+0x2429df]
V  [jvm.dll+0x5a6d5e]
C  0x000001c59189905b


---------------  P R O C E S S  ---------------

Threads class SMR info:
_java_thread_list=0x000001c59a580470, length=16, elements={
0x000001c58a01c640, 0x000001c58a0da440, 0x000001c58a0db2b0, 0x000001c58a0ea9d0,
0x000001c58a0ed750, 0x000001c58a0ee100, 0x000001c58a0eeab0, 0x000001c59905f480,
0x000001c599090520, 0x000001c599c08300, 0x000001c599fb7f10, 0x000001c599fba3f0,
0x000001c59a428930, 0x000001c59a525640, 0x000001c59a393320, 0x000001c59a667160
}

Java Threads: ( => current thread )
  0x000001c58a01c640 JavaThread "main" [_thread_blocked, id=3844, stack(0x00000030fa300000,0x00000030fa400000)]
  0x000001c58a0da440 JavaThread "Reference Handler" daemon [_thread_blocked, id=11952, stack(0x00000030faa00000,0x00000030fab00000)]
  0x000001c58a0db2b0 JavaThread "Finalizer" daemon [_thread_blocked, id=14232, stack(0x00000030fab00000,0x00000030fac00000)]
  0x000001c58a0ea9d0 JavaThread "Signal Dispatcher" daemon [_thread_blocked, id=1388, stack(0x00000030fac00000,0x00000030fad00000)]
  0x000001c58a0ed750 JavaThread "Attach Listener" daemon [_thread_blocked, id=15012, stack(0x00000030fad00000,0x00000030fae00000)]
  0x000001c58a0ee100 JavaThread "Service Thread" daemon [_thread_blocked, id=6100, stack(0x00000030fae00000,0x00000030faf00000)]
  0x000001c58a0eeab0 JavaThread "Monitor Deflation Thread" daemon [_thread_blocked, id=15188, stack(0x00000030faf00000,0x00000030fb000000)]
  0x000001c59905f480 JavaThread "C1 CompilerThread0" daemon [_thread_blocked, id=14292, stack(0x00000030fb000000,0x00000030fb100000)]
  0x000001c599090520 JavaThread "Sweeper thread" daemon [_thread_blocked, id=14316, stack(0x00000030fb100000,0x00000030fb200000)]
  0x000001c599c08300 JavaThread "Common-Cleaner" daemon [_thread_blocked, id=13104, stack(0x00000030fb200000,0x00000030fb300000)]
  0x000001c599fb7f10 JavaThread "Monitor Ctrl-Break" daemon [_thread_in_native, id=11492, stack(0x00000030fb400000,0x00000030fb500000)]
  0x000001c599fba3f0 JavaThread "Notification Thread" daemon [_thread_blocked, id=12752, stack(0x00000030fb500000,0x00000030fb600000)]
  0x000001c59a428930 JavaThread "RMI TCP Accept-0" daemon [_thread_blocked, id=15152, stack(0x00000030fb300000,0x00000030fb400000)]
  0x000001c59a525640 JavaThread "Thread-0" [_thread_blocked, id=11144, stack(0x00000030fbb00000,0x00000030fbc00000)]
  0x000001c59a393320 JavaThread "restartedMain" [_thread_blocked, id=1072, stack(0x00000030fbc00000,0x00000030fbd00000)]
=>0x000001c59a667160 JavaThread "background-preinit" [_thread_in_Java, id=5644, stack(0x00000030fbf00000,0x00000030fc000000)]

Other Threads:
  0x000001c58a0d27d0 VMThread "VM Thread" [stack: 0x00000030fa900000,0x00000030faa00000] [id=13576] _threads_hazard_ptr=0x000001c59a580470
  0x000001c58a01d710 WatcherThread [stack: 0x00000030fb600000,0x00000030fb700000] [id=4880]
  0x000001c58a059f70 GCTaskThread "GC Thread#0" [stack: 0x00000030fa400000,0x00000030fa500000] [id=14164]
  0x000001c59a4ee0a0 GCTaskThread "GC Thread#1" [stack: 0x00000030fb700000,0x00000030fb800000] [id=4128]
  0x000001c59a53b8f0 GCTaskThread "GC Thread#2" [stack: 0x00000030fb800000,0x00000030fb900000] [id=8508]
  0x000001c59a53fbb0 GCTaskThread "GC Thread#3" [stack: 0x00000030fb900000,0x00000030fba00000] [id=8264]
  0x000001c58a062cb0 ConcurrentGCThread "G1 Main Marker" [stack: 0x00000030fa500000,0x00000030fa600000] [id=8112]
  0x000001c58a0636c0 ConcurrentGCThread "G1 Conc#0" [stack: 0x00000030fa600000,0x00000030fa700000] [id=10104]
  0x000001c58a0afa00 ConcurrentGCThread "G1 Refine#0" [stack: 0x00000030fa700000,0x00000030fa800000] [id=4508]
  0x000001c59a4ee350 ConcurrentGCThread "G1 Refine#1" [stack: 0x00000030fba00000,0x00000030fbb00000] [id=760]
  0x000001c58a0b0d00 ConcurrentGCThread "G1 Service" [stack: 0x00000030fa800000,0x00000030fa900000] [id=12528]

Threads with active compile tasks:

VM state: synchronizing (normal execution)

VM Mutex/Monitor currently owned by a thread:  ([mutex/lock_event])
[0x000001c58a018760] Threads_lock - owner thread: 0x000001c58a0d27d0
[0x000001c58a0197b0] Heap_lock - owner thread: 0x000001c59a393320

Heap address: 0x00000000c1000000, size: 1008 MB, Compressed Oops mode: 32-bit

CDS archive(s) mapped at: [0x0000000800000000-0x0000000800bc0000-0x0000000800bc0000), size 12320768, SharedBaseAddress: 0x0000000800000000, ArchiveRelocationMode: 0.
Compressed class space mapped at: 0x0000000800c00000-0x0000000840c00000, reserved size: 1073741824
Narrow klass base: 0x0000000800000000, Narrow klass shift: 0, Narrow klass range: 0x100000000

GC Precious Log:
 CPUs: 4 total, 4 available
 Memory: 4030M
 Large Page Support: Disabled
 NUMA Support: Disabled
 Compressed Oops: Enabled (32-bit)
 Heap Region Size: 1M
 Heap Min Capacity: 8M
 Heap Initial Capacity: 64M
 Heap Max Capacity: 1008M
 Pre-touch: Disabled
 Parallel Workers: 4
 Concurrent Workers: 1
 Concurrent Refinement Workers: 4
 Periodic GC: Disabled

Heap:
 garbage-first heap   total 65536K, used 27216K [0x00000000c1000000, 0x0000000100000000)
  region size 1024K, 20 young (20480K), 1 survivors (1024K)
 Metaspace       used 10353K, committed 10624K, reserved 1064960K
  class space    used 1384K, committed 1536K, reserved 1048576K

Heap Regions: E=young(eden), S=young(survivor), O=old, HS=humongous(starts), HC=humongous(continues), CS=collection set, F=free, OA=open archive, CA=closed archive, TAMS=top-at-mark-start (previous, next)
|   0|0x00000000c1000000, 0x00000000c1100000, 0x00000000c1100000|100%|HS|  |TAMS 0x00000000c1000000, 0x00000000c1000000| Complete 
|   1|0x00000000c1100000, 0x00000000c1200000, 0x00000000c1200000|100%| O|  |TAMS 0x00000000c1100000, 0x00000000c1100000| Untracked 
|   2|0x00000000c1200000, 0x00000000c1300000, 0x00000000c1300000|100%| O|  |TAMS 0x00000000c1200000, 0x00000000c1200000| Untracked 
|   3|0x00000000c1300000, 0x00000000c1400000, 0x00000000c1400000|100%| O|  |TAMS 0x00000000c1300000, 0x00000000c1300000| Untracked 
|   4|0x00000000c1400000, 0x00000000c1500000, 0x00000000c1500000|100%| O|  |TAMS 0x00000000c1400000, 0x00000000c1400000| Untracked 
|   5|0x00000000c1500000, 0x00000000c1600000, 0x00000000c1600000|100%| O|  |TAMS 0x00000000c1500000, 0x00000000c1500000| Untracked 
|   6|0x00000000c1600000, 0x00000000c16c8600, 0x00000000c1700000| 78%| O|  |TAMS 0x00000000c1600000, 0x00000000c1600000| Untracked 
|   7|0x00000000c1700000, 0x00000000c1700000, 0x00000000c1800000|  0%| F|  |TAMS 0x00000000c1700000, 0x00000000c1700000| Untracked 
|   8|0x00000000c1800000, 0x00000000c1800000, 0x00000000c1900000|  0%| F|  |TAMS 0x00000000c1800000, 0x00000000c1800000| Untracked 
|   9|0x00000000c1900000, 0x00000000c1900000, 0x00000000c1a00000|  0%| F|  |TAMS 0x00000000c1900000, 0x00000000c1900000| Untracked 
|  10|0x00000000c1a00000, 0x00000000c1a00000, 0x00000000c1b00000|  0%| F|  |TAMS 0x00000000c1a00000, 0x00000000c1a00000| Untracked 
|  11|0x00000000c1b00000, 0x00000000c1b00000, 0x00000000c1c00000|  0%| F|  |TAMS 0x00000000c1b00000, 0x00000000c1b00000| Untracked 
|  12|0x00000000c1c00000, 0x00000000c1c00000, 0x00000000c1d00000|  0%| F|  |TAMS 0x00000000c1c00000, 0x00000000c1c00000| Untracked 
|  13|0x00000000c1d00000, 0x00000000c1d00000, 0x00000000c1e00000|  0%| F|  |TAMS 0x00000000c1d00000, 0x00000000c1d00000| Untracked 
|  14|0x00000000c1e00000, 0x00000000c1e00000, 0x00000000c1f00000|  0%| F|  |TAMS 0x00000000c1e00000, 0x00000000c1e00000| Untracked 
|  15|0x00000000c1f00000, 0x00000000c1f00000, 0x00000000c2000000|  0%| F|  |TAMS 0x00000000c1f00000, 0x00000000c1f00000| Untracked 
|  16|0x00000000c2000000, 0x00000000c2000000, 0x00000000c2100000|  0%| F|  |TAMS 0x00000000c2000000, 0x00000000c2000000| Untracked 
|  17|0x00000000c2100000, 0x00000000c2100000, 0x00000000c2200000|  0%| F|  |TAMS 0x00000000c2100000, 0x00000000c2100000| Untracked 
|  18|0x00000000c2200000, 0x00000000c2200000, 0x00000000c2300000|  0%| F|  |TAMS 0x00000000c2200000, 0x00000000c2200000| Untracked 
|  19|0x00000000c2300000, 0x00000000c2300000, 0x00000000c2400000|  0%| F|  |TAMS 0x00000000c2300000, 0x00000000c2300000| Untracked 
|  20|0x00000000c2400000, 0x00000000c2400000, 0x00000000c2500000|  0%| F|  |TAMS 0x00000000c2400000, 0x00000000c2400000| Untracked 
|  21|0x00000000c2500000, 0x00000000c2500000, 0x00000000c2600000|  0%| F|  |TAMS 0x00000000c2500000, 0x00000000c2500000| Untracked 
|  22|0x00000000c2600000, 0x00000000c2600000, 0x00000000c2700000|  0%| F|  |TAMS 0x00000000c2600000, 0x00000000c2600000| Untracked 
|  23|0x00000000c2700000, 0x00000000c2700000, 0x00000000c2800000|  0%| F|  |TAMS 0x00000000c2700000, 0x00000000c2700000| Untracked 
|  24|0x00000000c2800000, 0x00000000c2800000, 0x00000000c2900000|  0%| F|  |TAMS 0x00000000c2800000, 0x00000000c2800000| Untracked 
|  25|0x00000000c2900000, 0x00000000c2900000, 0x00000000c2a00000|  0%| F|  |TAMS 0x00000000c2900000, 0x00000000c2900000| Untracked 
|  26|0x00000000c2a00000, 0x00000000c2a00000, 0x00000000c2b00000|  0%| F|  |TAMS 0x00000000c2a00000, 0x00000000c2a00000| Untracked 
|  27|0x00000000c2b00000, 0x00000000c2b00000, 0x00000000c2c00000|  0%| F|  |TAMS 0x00000000c2b00000, 0x00000000c2b00000| Untracked 
|  28|0x00000000c2c00000, 0x00000000c2c00000, 0x00000000c2d00000|  0%| F|  |TAMS 0x00000000c2c00000, 0x00000000c2c00000| Untracked 
|  29|0x00000000c2d00000, 0x00000000c2d00000, 0x00000000c2e00000|  0%| F|  |TAMS 0x00000000c2d00000, 0x00000000c2d00000| Untracked 
|  30|0x00000000c2e00000, 0x00000000c2e00000, 0x00000000c2f00000|  0%| F|  |TAMS 0x00000000c2e00000, 0x00000000c2e00000| Untracked 
|  31|0x00000000c2f00000, 0x00000000c2f00000, 0x00000000c3000000|  0%| F|  |TAMS 0x00000000c2f00000, 0x00000000c2f00000| Untracked 
|  32|0x00000000c3000000, 0x00000000c3000000, 0x00000000c3100000|  0%| F|  |TAMS 0x00000000c3000000, 0x00000000c3000000| Untracked 
|  33|0x00000000c3100000, 0x00000000c3100000, 0x00000000c3200000|  0%| F|  |TAMS 0x00000000c3100000, 0x00000000c3100000| Untracked 
|  34|0x00000000c3200000, 0x00000000c3200000, 0x00000000c3300000|  0%| F|  |TAMS 0x00000000c3200000, 0x00000000c3200000| Untracked 
|  35|0x00000000c3300000, 0x00000000c3300000, 0x00000000c3400000|  0%| F|  |TAMS 0x00000000c3300000, 0x00000000c3300000| Untracked 
|  36|0x00000000c3400000, 0x00000000c3400000, 0x00000000c3500000|  0%| F|  |TAMS 0x00000000c3400000, 0x00000000c3400000| Untracked 
|  37|0x00000000c3500000, 0x00000000c3500000, 0x00000000c3600000|  0%| F|  |TAMS 0x00000000c3500000, 0x00000000c3500000| Untracked 
|  38|0x00000000c3600000, 0x00000000c3600000, 0x00000000c3700000|  0%| F|  |TAMS 0x00000000c3600000, 0x00000000c3600000| Untracked 
|  39|0x00000000c3700000, 0x00000000c3700000, 0x00000000c3800000|  0%| F|  |TAMS 0x00000000c3700000, 0x00000000c3700000| Untracked 
|  40|0x00000000c3800000, 0x00000000c3800000, 0x00000000c3900000|  0%| F|  |TAMS 0x00000000c3800000, 0x00000000c3800000| Untracked 
|  41|0x00000000c3900000, 0x00000000c3900000, 0x00000000c3a00000|  0%| F|  |TAMS 0x00000000c3900000, 0x00000000c3900000| Untracked 
|  42|0x00000000c3a00000, 0x00000000c3a00000, 0x00000000c3b00000|  0%| F|  |TAMS 0x00000000c3a00000, 0x00000000c3a00000| Untracked 
|  43|0x00000000c3b00000, 0x00000000c3b00000, 0x00000000c3c00000|  0%| F|  |TAMS 0x00000000c3b00000, 0x00000000c3b00000| Untracked 
|  44|0x00000000c3c00000, 0x00000000c3d00000, 0x00000000c3d00000|100%| E|CS|TAMS 0x00000000c3c00000, 0x00000000c3c00000| Complete 
|  45|0x00000000c3d00000, 0x00000000c3e00000, 0x00000000c3e00000|100%| E|CS|TAMS 0x00000000c3d00000, 0x00000000c3d00000| Complete 
|  46|0x00000000c3e00000, 0x00000000c3f00000, 0x00000000c3f00000|100%| E|CS|TAMS 0x00000000c3e00000, 0x00000000c3e00000| Complete 
|  47|0x00000000c3f00000, 0x00000000c4000000, 0x00000000c4000000|100%| E|CS|TAMS 0x00000000c3f00000, 0x00000000c3f00000| Complete 
|  48|0x00000000c4000000, 0x00000000c4100000, 0x00000000c4100000|100%| E|CS|TAMS 0x00000000c4000000, 0x00000000c4000000| Complete 
|  49|0x00000000c4100000, 0x00000000c4200000, 0x00000000c4200000|100%| E|CS|TAMS 0x00000000c4100000, 0x00000000c4100000| Complete 
|  50|0x00000000c4200000, 0x00000000c4300000, 0x00000000c4300000|100%| E|CS|TAMS 0x00000000c4200000, 0x00000000c4200000| Complete 
|  51|0x00000000c4300000, 0x00000000c4400000, 0x00000000c4400000|100%| E|CS|TAMS 0x00000000c4300000, 0x00000000c4300000| Complete 
|  52|0x00000000c4400000, 0x00000000c4500000, 0x00000000c4500000|100%| E|CS|TAMS 0x00000000c4400000, 0x00000000c4400000| Complete 
|  53|0x00000000c4500000, 0x00000000c4600000, 0x00000000c4600000|100%| E|CS|TAMS 0x00000000c4500000, 0x00000000c4500000| Complete 
|  54|0x00000000c4600000, 0x00000000c4700000, 0x00000000c4700000|100%| E|CS|TAMS 0x00000000c4600000, 0x00000000c4600000| Complete 
|  55|0x00000000c4700000, 0x00000000c47cbb80, 0x00000000c4800000| 79%| S|CS|TAMS 0x00000000c4700000, 0x00000000c4700000| Complete 
|  56|0x00000000c4800000, 0x00000000c4900000, 0x00000000c4900000|100%| E|CS|TAMS 0x00000000c4800000, 0x00000000c4800000| Complete 
|  57|0x00000000c4900000, 0x00000000c4a00000, 0x00000000c4a00000|100%| E|CS|TAMS 0x00000000c4900000, 0x00000000c4900000| Complete 
|  58|0x00000000c4a00000, 0x00000000c4b00000, 0x00000000c4b00000|100%| E|CS|TAMS 0x00000000c4a00000, 0x00000000c4a00000| Complete 
|  59|0x00000000c4b00000, 0x00000000c4c00000, 0x00000000c4c00000|100%| E|CS|TAMS 0x00000000c4b00000, 0x00000000c4b00000| Complete 
|  60|0x00000000c4c00000, 0x00000000c4d00000, 0x00000000c4d00000|100%| E|CS|TAMS 0x00000000c4c00000, 0x00000000c4c00000| Complete 
|  61|0x00000000c4d00000, 0x00000000c4e00000, 0x00000000c4e00000|100%| E|CS|TAMS 0x00000000c4d00000, 0x00000000c4d00000| Complete 
|  62|0x00000000c4e00000, 0x00000000c4f00000, 0x00000000c4f00000|100%| E|CS|TAMS 0x00000000c4e00000, 0x00000000c4e00000| Complete 
|  63|0x00000000c4f00000, 0x00000000c5000000, 0x00000000c5000000|100%| E|CS|TAMS 0x00000000c4f00000, 0x00000000c4f00000| Complete 

Card table byte_map: [0x000001c594890000,0x000001c594a90000] _byte_map_base: 0x000001c594288000

Marking Bits (Prev, Next): (CMBitMap*) 0x000001c58a05a580, (CMBitMap*) 0x000001c58a05a5c0
 Prev Bits: [0x000001c594c90000, 0x000001c595c50000)
 Next Bits: [0x000001c595c50000, 0x000001c596c10000)

Polling page: 0x000001c587f50000

Metaspace:

Usage:
  Non-class:      8.76 MB used.
      Class:      1.35 MB used.
       Both:     10.11 MB used.

Virtual space:
  Non-class space:       16.00 MB reserved,       8.88 MB ( 55%) committed,  2 nodes.
      Class space:        1.00 GB reserved,       1.50 MB ( <1%) committed,  1 nodes.
             Both:        1.02 GB reserved,      10.38 MB ( <1%) committed. 

Chunk freelists:
   Non-Class:  2.91 MB
       Class:  2.53 MB
        Both:  5.44 MB

MaxMetaspaceSize: unlimited
CompressedClassSpaceSize: 1.00 GB
Initial GC threshold: 21.00 MB
Current GC threshold: 21.00 MB
CDS: on
MetaspaceReclaimPolicy: balanced
 - commit_granule_bytes: 65536.
 - commit_granule_words: 8192.
 - virtual_space_node_default_size: 1048576.
 - enlarge_chunks_in_place: 1.
 - new_chunks_are_fully_committed: 0.
 - uncommit_free_chunks: 1.
 - use_allocation_guard: 0.
 - handle_deallocations: 1.


Internal statistics:

num_allocs_failed_limit: 0.
num_arena_births: 174.
num_arena_deaths: 0.
num_vsnodes_births: 3.
num_vsnodes_deaths: 0.
num_space_committed: 166.
num_space_uncommitted: 0.
num_chunks_returned_to_freelist: 0.
num_chunks_taken_from_freelist: 423.
num_chunk_merges: 0.
num_chunk_splits: 269.
num_chunks_enlarged: 193.
num_purges: 0.
num_inconsistent_stats: 0.

CodeCache: size=49152Kb used=3685Kb max_used=3685Kb free=45466Kb
 bounds [0x000001c591890000, 0x000001c591c30000, 0x000001c594890000]
 total_blobs=2189 nmethods=1734 adapters=382
 compilation: enabled
              stopped_count=0, restarted_count=0
 full_count=0

Compilation events (20 events):
Event: 33.446 Thread 0x000001c59905f480 1726       1       org.springframework.core.convert.support.GenericConversionService$Converters::lambda$getMatchableConverters$0 (9 bytes)
Event: 33.447 Thread 0x000001c59905f480 nmethod 1726 0x000001c591c25490 code [0x000001c591c25640, 0x000001c591c25938]
Event: 33.447 Thread 0x000001c59905f480 1714       1       java.util.Collections$UnmodifiableCollection::iterator (9 bytes)
Event: 33.447 Thread 0x000001c59905f480 nmethod 1714 0x000001c591c25a10 code [0x000001c591c25bc0, 0x000001c591c25dc8]
Event: 33.447 Thread 0x000001c59905f480 1715       1       java.util.Collections$UnmodifiableCollection$1::<init> (26 bytes)
Event: 33.447 Thread 0x000001c59905f480 nmethod 1715 0x000001c591c25e90 code [0x000001c591c26040, 0x000001c591c261e8]
Event: 33.506 Thread 0x000001c59905f480 1727       1       org.springframework.core.env.PropertySource::hashCode (8 bytes)
Event: 33.506 Thread 0x000001c59905f480 nmethod 1727 0x000001c591c26290 code [0x000001c591c26420, 0x000001c591c26508]
Event: 33.554 Thread 0x000001c59905f480 1728   !   1       jdk.internal.reflect.ReflectionFactory::checkInitted (100 bytes)
Event: 33.555 Thread 0x000001c59905f480 nmethod 1728 0x000001c591c26590 code [0x000001c591c267e0, 0x000001c591c26c88]
Event: 33.555 Thread 0x000001c59905f480 1729       1       java.lang.reflect.ReflectAccess::getRoot (5 bytes)
Event: 33.555 Thread 0x000001c59905f480 nmethod 1729 0x000001c591c26f10 code [0x000001c591c270a0, 0x000001c591c27188]
Event: 33.654 Thread 0x000001c59905f480 1730       1       java.util.concurrent.ConcurrentHashMap$EntryIterator::next (5 bytes)
Event: 33.654 Thread 0x000001c59905f480 nmethod 1730 0x000001c591c27210 code [0x000001c591c273a0, 0x000001c591c27488]
Event: 33.654 Thread 0x000001c59905f480 1731       1       java.util.concurrent.ConcurrentHashMap$EntryIterator::next (51 bytes)
Event: 33.655 Thread 0x000001c59905f480 nmethod 1731 0x000001c591c27510 code [0x000001c591c276e0, 0x000001c591c27a38]
Event: 33.655 Thread 0x000001c59905f480 1732       1       java.util.concurrent.ConcurrentHashMap$MapEntry::<init> (20 bytes)
Event: 33.655 Thread 0x000001c59905f480 nmethod 1732 0x000001c591c27b90 code [0x000001c591c27d20, 0x000001c591c27ef8]
Event: 33.656 Thread 0x000001c59905f480 1733       1       java.util.Properties::saveConvert (383 bytes)
Event: 33.658 Thread 0x000001c59905f480 nmethod 1733 0x000001c591c27f90 code [0x000001c591c28280, 0x000001c591c28be8]

GC Heap History (4 events):
Event: 13.942 GC heap before
{Heap before GC invocations=0 (full 0):
 garbage-first heap   total 65536K, used 13312K [0x00000000c1000000, 0x0000000100000000)
  region size 1024K, 13 young (13312K), 0 survivors (0K)
 Metaspace       used 5164K, committed 5376K, reserved 1056768K
  class space    used 608K, committed 768K, reserved 1048576K
}
Event: 13.950 GC heap after
{Heap after GC invocations=1 (full 0):
 garbage-first heap   total 65536K, used 6907K [0x00000000c1000000, 0x0000000100000000)
  region size 1024K, 2 young (2048K), 2 survivors (2048K)
 Metaspace       used 5164K, committed 5376K, reserved 1056768K
  class space    used 608K, committed 768K, reserved 1048576K
}
Event: 23.380 GC heap before
{Heap before GC invocations=1 (full 0):
 garbage-first heap   total 65536K, used 15099K [0x00000000c1000000, 0x0000000100000000)
  region size 1024K, 10 young (10240K), 2 survivors (2048K)
 Metaspace       used 6602K, committed 6784K, reserved 1056768K
  class space    used 795K, committed 896K, reserved 1048576K
}
Event: 23.386 GC heap after
{Heap after GC invocations=2 (full 0):
 garbage-first heap   total 65536K, used 7760K [0x00000000c1000000, 0x0000000100000000)
  region size 1024K, 1 young (1024K), 1 survivors (1024K)
 Metaspace       used 6602K, committed 6784K, reserved 1056768K
  class space    used 795K, committed 896K, reserved 1048576K
}

Deoptimization events (2 events):
Event: 19.857 Thread 0x000001c58a01c640 DEOPT PACKING pc=0x000001c591a03d75 sp=0x00000030fa3fd5f0
Event: 19.857 Thread 0x000001c58a01c640 DEOPT UNPACKING pc=0x000001c5918e2b43 sp=0x00000030fa3fca48 mode 3

Classes unloaded (0 events):
No events

Classes redefined (0 events):
No events

Internal exceptions (20 events):
Event: 29.330 Thread 0x000001c59a393320 Exception <a 'java/lang/IncompatibleClassChangeError'{0x00000000c492fa70}: Found class java.lang.Object, but interface was expected> (0x00000000c492fa70) 
thrown [t:\workspace\open\src\hotspot\share\interpreter\linkResolver.cpp, line 833]
Event: 30.323 Thread 0x000001c59a393320 Exception <a 'java/lang/NoSuchMethodError'{0x00000000c484ab20}: 'int java.lang.invoke.DirectMethodHandle$Holder.invokeSpecial(java.lang.Object, java.lang.Object, java.lang.Object, java.lang.Object)'> (0x00000000c484ab20) 
thrown [t:\workspace\open\src\hotspot\share\interpreter\linkResolver.cpp, line 766]
Event: 30.698 Thread 0x000001c59a393320 Exception <a 'java/lang/NoSuchMethodError'{0x00000000c46ae7b0}: 'java.lang.Object java.lang.invoke.DirectMethodHandle$Holder.newInvokeSpecial(java.lang.Object, java.lang.Object, java.lang.Object, java.lang.Object, java.lang.Object, java.lang.Object)'> (0x00000000c46ae7b0) 
thrown [t:\workspace\open\src\hotspot\share\interpreter\linkResolver.cpp, line 766]
Event: 31.440 Thread 0x000001c59a393320 Exception <a 'java/lang/NoSuchMethodError'{0x00000000c4560368}: 'java.lang.Object java.lang.invoke.DirectMethodHandle$Holder.invokeSpecial(java.lang.Object, java.lang.Object, java.lang.Object, java.lang.Object, java.lang.Object, java.lang.Object, int)'> (0x00000000c4560368) 
thrown [t:\workspace\open\src\hotspot\share\interpreter\linkResolver.cpp, line 766]
Event: 31.442 Thread 0x000001c59a393320 Exception <a 'java/lang/NoSuchMethodError'{0x00000000c456ab18}: 'java.lang.Object java.lang.invoke.DirectMethodHandle$Holder.newInvokeSpecial(java.lang.Object, java.lang.Object, java.lang.Object, java.lang.Object, java.lang.Object, java.lang.Object, int)'> (0x00000000c456ab18) 
thrown [t:\workspace\open\src\hotspot\share\interpreter\linkResolver.cpp, line 766]
Event: 31.442 Thread 0x000001c59a393320 Exception <a 'java/lang/NoSuchMethodError'{0x00000000c456fb58}: 'java.lang.Object java.lang.invoke.DirectMethodHandle$Holder.invokeSpecial(java.lang.Object, java.lang.Object, java.lang.Object, java.lang.Object, java.lang.Object, java.lang.Object, java.lang.Object, int)'> (0x00000000c456fb58) 
thrown [t:\workspace\open\src\hotspot\share\interpreter\linkResolver.cpp, line 766]
Event: 31.785 Thread 0x000001c59a393320 Exception <a 'java/lang/NoSuchMethodError'{0x00000000c43942f0}: 'java.lang.Object java.lang.invoke.DirectMethodHandle$Holder.invokeSpecial(java.lang.Object, java.lang.Object, java.lang.Object, int, java.lang.Object)'> (0x00000000c43942f0) 
thrown [t:\workspace\open\src\hotspot\share\interpreter\linkResolver.cpp, line 766]
Event: 31.786 Thread 0x000001c59a393320 Exception <a 'java/lang/NoSuchMethodError'{0x00000000c439c958}: 'java.lang.Object java.lang.invoke.DirectMethodHandle$Holder.newInvokeSpecial(java.lang.Object, java.lang.Object, java.lang.Object, int, java.lang.Object)'> (0x00000000c439c958) 
thrown [t:\workspace\open\src\hotspot\share\interpreter\linkResolver.cpp, line 766]
Event: 31.786 Thread 0x000001c59a393320 Exception <a 'java/lang/NoSuchMethodError'{0x00000000c43a4328}: 'java.lang.Object java.lang.invoke.Invokers$Holder.linkToTargetMethod(java.lang.Object, java.lang.Object, int, java.lang.Object, java.lang.Object)'> (0x00000000c43a4328) 
thrown [t:\workspace\open\src\hotspot\share\interpreter\linkResolver.cpp, line 766]
Event: 31.787 Thread 0x000001c59a393320 Exception <a 'java/lang/NoSuchMethodError'{0x00000000c43b4128}: 'java.lang.Object java.lang.invoke.DirectMethodHandle$Holder.newInvokeSpecial(java.lang.Object, int, java.lang.Object)'> (0x00000000c43b4128) 
thrown [t:\workspace\open\src\hotspot\share\interpreter\linkResolver.cpp, line 766]
Event: 31.788 Thread 0x000001c59a393320 Exception <a 'java/lang/NoSuchMethodError'{0x00000000c43b8b68}: 'int java.lang.invoke.DirectMethodHandle$Holder.invokeSpecialIFC(java.lang.Object, java.lang.Object, java.lang.Object, java.lang.Object)'> (0x00000000c43b8b68) 
thrown [t:\workspace\open\src\hotspot\share\interpreter\linkResolver.cpp, line 766]
Event: 31.818 Thread 0x000001c59a393320 Exception <a 'java/lang/NoSuchMethodError'{0x00000000c42801d0}: 'java.lang.Object java.lang.invoke.DirectMethodHandle$Holder.invokeInterface(java.lang.Object, java.lang.Object)'> (0x00000000c42801d0) 
thrown [t:\workspace\open\src\hotspot\share\interpreter\linkResolver.cpp, line 766]
Event: 31.820 Thread 0x000001c59a393320 Exception <a 'java/lang/NoSuchMethodError'{0x00000000c4290cb0}: 'void java.lang.invoke.DirectMethodHandle$Holder.invokeInterface(java.lang.Object, java.lang.Object, java.lang.Object)'> (0x00000000c4290cb0) 
thrown [t:\workspace\open\src\hotspot\share\interpreter\linkResolver.cpp, line 766]
Event: 31.838 Thread 0x000001c59a393320 Exception <a 'java/lang/NoSuchMethodError'{0x00000000c4137628}: 'java.lang.Object java.lang.invoke.DirectMethodHandle$Holder.invokeVirtual(java.lang.Object, java.lang.Object, java.lang.Object)'> (0x00000000c4137628) 
thrown [t:\workspace\open\src\hotspot\share\interpreter\linkResolver.cpp, line 766]
Event: 32.786 Thread 0x000001c59a393320 Exception <a 'java/lang/NoSuchMethodError'{0x00000000c41d2428}: 'void java.lang.invoke.DirectMethodHandle$Holder.invokeStatic(java.lang.Object, java.lang.Object, int)'> (0x00000000c41d2428) 
thrown [t:\workspace\open\src\hotspot\share\interpreter\linkResolver.cpp, line 766]
Event: 32.789 Thread 0x000001c59a393320 Exception <a 'java/lang/NoSuchMethodError'{0x00000000c41da198}: 'void java.lang.invoke.DirectMethodHandle$Holder.invokeStaticInit(java.lang.Object, java.lang.Object)'> (0x00000000c41da198) 
thrown [t:\workspace\open\src\hotspot\share\interpreter\linkResolver.cpp, line 766]
Event: 32.856 Thread 0x000001c59a393320 Exception <a 'java/lang/NoSuchMethodError'{0x00000000c41f3ff0}: 'void java.lang.invoke.DirectMethodHandle$Holder.invokeStaticInit(java.lang.Object, java.lang.Object, java.lang.Object)'> (0x00000000c41f3ff0) 
thrown [t:\workspace\open\src\hotspot\share\interpreter\linkResolver.cpp, line 766]
Event: 33.000 Thread 0x000001c59a393320 Exception <a 'java/lang/NoSuchMethodError'{0x00000000c4067040}: 'void java.lang.invoke.DirectMethodHandle$Holder.invokeVirtual(java.lang.Object, java.lang.Object, java.lang.Object, java.lang.Object)'> (0x00000000c4067040) 
thrown [t:\workspace\open\src\hotspot\share\interpreter\linkResolver.cpp, line 766]
Event: 33.293 Thread 0x000001c59a393320 Exception <a 'java/lang/NoSuchMethodError'{0x00000000c3fa3330}: 'void java.lang.invoke.DirectMethodHandle$Holder.invokeSpecial(java.lang.Object, java.lang.Object, java.lang.Object)'> (0x00000000c3fa3330) 
thrown [t:\workspace\open\src\hotspot\share\interpreter\linkResolver.cpp, line 766]
Event: 33.294 Thread 0x000001c59a393320 Exception <a 'java/lang/NoSuchMethodError'{0x00000000c3fa9940}: 'void java.lang.invoke.DirectMethodHandle$Holder.invokeSpecial(java.lang.Object, java.lang.Object, java.lang.Object, java.lang.Object, java.lang.Object)'> (0x00000000c3fa9940) 
thrown [t:\workspace\open\src\hotspot\share\interpreter\linkResolver.cpp, line 766]

VM Operations (20 events):
Event: 23.378 Executing VM operation: Cleanup
Event: 23.378 Executing VM operation: Cleanup done
Event: 23.380 Executing VM operation: G1CollectForAllocation
Event: 23.386 Executing VM operation: G1CollectForAllocation done
Event: 25.119 Executing VM operation: HandshakeAllThreads
Event: 25.119 Executing VM operation: HandshakeAllThreads done
Event: 25.119 Executing VM operation: Cleanup
Event: 25.120 Executing VM operation: Cleanup done
Event: 27.128 Executing VM operation: Cleanup
Event: 27.441 Executing VM operation: Cleanup done
Event: 29.457 Executing VM operation: Cleanup
Event: 29.457 Executing VM operation: Cleanup done
Event: 30.472 Executing VM operation: Cleanup
Event: 30.504 Executing VM operation: Cleanup done
Event: 31.502 Executing VM operation: HandshakeAllThreads
Event: 31.502 Executing VM operation: HandshakeAllThreads done
Event: 32.488 Executing VM operation: Cleanup
Event: 32.488 Executing VM operation: Cleanup done
Event: 33.503 Executing VM operation: Cleanup
Event: 33.504 Executing VM operation: Cleanup done

Events (20 events):
Event: 33.502 loading class java/net/MalformedURLException done
Event: 33.503 loading class sun/util/locale/provider/TimeZoneNameProviderImpl
Event: 33.504 loading class sun/util/locale/provider/TimeZoneNameProviderImpl done
Event: 33.504 loading class sun/util/cldr/CLDRTimeZoneNameProviderImpl done
Event: 33.506 loading class sun/util/locale/provider/BaseLocaleDataMetaInfo
Event: 33.506 loading class sun/util/locale/provider/BaseLocaleDataMetaInfo done
Event: 33.639 loading class sun/util/resources/cldr/TimeZoneNames
Event: 33.640 loading class sun/util/resources/TimeZoneNamesBundle
Event: 33.640 loading class sun/util/resources/OpenListResourceBundle
Event: 33.640 loading class sun/util/resources/OpenListResourceBundle done
Event: 33.640 loading class sun/util/resources/TimeZoneNamesBundle done
Event: 33.640 loading class sun/util/resources/cldr/TimeZoneNames done
Event: 33.641 loading class sun/util/resources/cldr/TimeZoneNames_en
Event: 33.642 loading class sun/util/resources/cldr/TimeZoneNames_en done
Event: 33.642 loading class sun/util/resources/cldr/TimeZoneNames_en_US
Event: 33.642 loading class sun/util/resources/cldr/TimeZoneNames_en_US done
Event: 33.645 loading class sun/util/resources/TimeZoneNames
Event: 33.646 loading class sun/util/resources/TimeZoneNames done
Event: 33.646 loading class sun/util/resources/TimeZoneNames_en
Event: 33.647 loading class sun/util/resources/TimeZoneNames_en done


Dynamic libraries:
0x00007ff6bcfe0000 - 0x00007ff6bcff0000 	C:\Program Files\Java\jdk-17.0.3.1\bin\java.exe
0x00007ffc92990000 - 0x00007ffc92b88000 	C:\WINDOWS\SYSTEM32\ntdll.dll
0x00007ffc91510000 - 0x00007ffc915cd000 	C:\WINDOWS\System32\KERNEL32.DLL
0x00007ffc900b0000 - 0x00007ffc9037e000 	C:\WINDOWS\System32\KERNELBASE.dll
0x00007ffc90630000 - 0x00007ffc90730000 	C:\WINDOWS\System32\ucrtbase.dll
0x00007ffc776b0000 - 0x00007ffc776c8000 	C:\Program Files\Java\jdk-17.0.3.1\bin\jli.dll
0x00007ffc77560000 - 0x00007ffc7757a000 	C:\Program Files\Java\jdk-17.0.3.1\bin\VCRUNTIME140.dll
0x00007ffc90f70000 - 0x00007ffc9101e000 	C:\WINDOWS\System32\ADVAPI32.dll
0x00007ffc92080000 - 0x00007ffc9211e000 	C:\WINDOWS\System32\msvcrt.dll
0x00007ffc90ed0000 - 0x00007ffc90f6c000 	C:\WINDOWS\System32\sechost.dll
0x00007ffc91230000 - 0x00007ffc91355000 	C:\WINDOWS\System32\RPCRT4.dll
0x00007ffc91ee0000 - 0x00007ffc92080000 	C:\WINDOWS\System32\USER32.dll
0x00007ffc90480000 - 0x00007ffc904a2000 	C:\WINDOWS\System32\win32u.dll
0x00007ffc7e250000 - 0x00007ffc7e4ea000 	C:\WINDOWS\WinSxS\amd64_microsoft.windows.common-controls_6595b64144ccf1df_6.0.19041.1110_none_60b5254171f9507e\COMCTL32.dll
0x00007ffc92480000 - 0x00007ffc924aa000 	C:\WINDOWS\System32\GDI32.dll
0x00007ffc904b0000 - 0x00007ffc905bb000 	C:\WINDOWS\System32\gdi32full.dll
0x00007ffc90950000 - 0x00007ffc909ed000 	C:\WINDOWS\System32\msvcp_win.dll
0x00007ffc7f4e0000 - 0x00007ffc7f4ea000 	C:\WINDOWS\SYSTEM32\VERSION.dll
0x00007ffc916b0000 - 0x00007ffc916e0000 	C:\WINDOWS\System32\IMM32.DLL
0x00007ffc84330000 - 0x00007ffc8433c000 	C:\Program Files\Java\jdk-17.0.3.1\bin\vcruntime140_1.dll
0x00007ffc699d0000 - 0x00007ffc69a5d000 	C:\Program Files\Java\jdk-17.0.3.1\bin\msvcp140.dll
0x00007ffc3af50000 - 0x00007ffc3bb10000 	C:\Program Files\Java\jdk-17.0.3.1\bin\server\jvm.dll
0x00007ffc924b0000 - 0x00007ffc924b8000 	C:\WINDOWS\System32\PSAPI.DLL
0x00007ffc77180000 - 0x00007ffc77189000 	C:\WINDOWS\SYSTEM32\WSOCK32.dll
0x00007ffc7e040000 - 0x00007ffc7e067000 	C:\WINDOWS\SYSTEM32\WINMM.dll
0x00007ffc90e60000 - 0x00007ffc90ecb000 	C:\WINDOWS\System32\WS2_32.dll
0x00007ffc8df60000 - 0x00007ffc8df72000 	C:\WINDOWS\SYSTEM32\kernel.appcore.dll
0x00007ffc77690000 - 0x00007ffc7769a000 	C:\Program Files\Java\jdk-17.0.3.1\bin\jimage.dll
0x00007ffc7b0e0000 - 0x00007ffc7b2c4000 	C:\WINDOWS\SYSTEM32\DBGHELP.DLL
0x00007ffc7b0b0000 - 0x00007ffc7b0dc000 	C:\WINDOWS\SYSTEM32\dbgcore.DLL
0x00007ffc90730000 - 0x00007ffc907b2000 	C:\WINDOWS\System32\bcryptPrimitives.dll
0x00007ffc73bb0000 - 0x00007ffc73bbe000 	C:\Program Files\Java\jdk-17.0.3.1\bin\instrument.dll
0x00007ffc76c60000 - 0x00007ffc76c85000 	C:\Program Files\Java\jdk-17.0.3.1\bin\java.dll
0x00007ffc4ac40000 - 0x00007ffc4ad16000 	C:\Program Files\Java\jdk-17.0.3.1\bin\jsvml.dll
0x00007ffc916e0000 - 0x00007ffc91e23000 	C:\WINDOWS\System32\SHELL32.dll
0x00007ffc8e160000 - 0x00007ffc8e8f5000 	C:\WINDOWS\SYSTEM32\windows.storage.dll
0x00007ffc925f0000 - 0x00007ffc92944000 	C:\WINDOWS\System32\combase.dll
0x00007ffc8f960000 - 0x00007ffc8f990000 	C:\WINDOWS\SYSTEM32\Wldp.dll
0x00007ffc91e30000 - 0x00007ffc91edd000 	C:\WINDOWS\System32\SHCORE.dll
0x00007ffc91020000 - 0x00007ffc91075000 	C:\WINDOWS\System32\shlwapi.dll
0x00007ffc8fff0000 - 0x00007ffc9000f000 	C:\WINDOWS\SYSTEM32\profapi.dll
0x00007ffc73bc0000 - 0x00007ffc73bd8000 	C:\Program Files\Java\jdk-17.0.3.1\bin\zip.dll
0x00007ffc77190000 - 0x00007ffc771a9000 	C:\Program Files\Java\jdk-17.0.3.1\bin\net.dll
0x00007ffc86eb0000 - 0x00007ffc86fba000 	C:\WINDOWS\SYSTEM32\WINHTTP.dll
0x00007ffc8f740000 - 0x00007ffc8f7aa000 	C:\WINDOWS\system32\mswsock.dll
0x00007ffc76910000 - 0x00007ffc76926000 	C:\Program Files\Java\jdk-17.0.3.1\bin\nio.dll
0x00007ffc681b0000 - 0x00007ffc681ca000 	C:\Program Files\JetBrains\IntelliJ IDEA 2021.3\bin\breakgen64.dll
0x00007ffc8f490000 - 0x00007ffc8f55a000 	C:\WINDOWS\SYSTEM32\DNSAPI.dll
0x00007ffc8f450000 - 0x00007ffc8f48b000 	C:\WINDOWS\SYSTEM32\IPHLPAPI.DLL
0x00007ffc91430000 - 0x00007ffc91438000 	C:\WINDOWS\System32\NSI.dll
0x00007ffc85900000 - 0x00007ffc8590a000 	C:\Windows\System32\rasadhlp.dll
0x00007ffc86be0000 - 0x00007ffc86c60000 	C:\WINDOWS\System32\fwpuclnt.dll
0x00007ffc907c0000 - 0x00007ffc907e7000 	C:\WINDOWS\System32\bcrypt.dll
0x00007ffc73b00000 - 0x00007ffc73b09000 	C:\Program Files\Java\jdk-17.0.3.1\bin\management.dll
0x00007ffc727a0000 - 0x00007ffc727ab000 	C:\Program Files\Java\jdk-17.0.3.1\bin\management_ext.dll
0x00007ffc8fd30000 - 0x00007ffc8fd48000 	C:\WINDOWS\SYSTEM32\CRYPTSP.dll
0x00007ffc8f0e0000 - 0x00007ffc8f114000 	C:\WINDOWS\system32\rsaenh.dll
0x00007ffc8ffb0000 - 0x00007ffc8ffde000 	C:\WINDOWS\SYSTEM32\USERENV.dll
0x00007ffc8f8d0000 - 0x00007ffc8f8dc000 	C:\WINDOWS\SYSTEM32\CRYPTBASE.dll
0x00007ffc85ca0000 - 0x00007ffc85cb7000 	C:\WINDOWS\SYSTEM32\dhcpcsvc6.DLL
0x00007ffc85c80000 - 0x00007ffc85c9d000 	C:\WINDOWS\SYSTEM32\dhcpcsvc.DLL
0x00007ffc8bbf0000 - 0x00007ffc8bc07000 	C:\WINDOWS\system32\napinsp.dll
0x00007ffc8bbd0000 - 0x00007ffc8bbeb000 	C:\WINDOWS\system32\pnrpnsp.dll
0x00007ffc8baa0000 - 0x00007ffc8babd000 	C:\WINDOWS\system32\NLAapi.dll
0x00007ffc88c20000 - 0x00007ffc88c35000 	C:\WINDOWS\system32\wshbth.dll
0x00007ffc8bbb0000 - 0x00007ffc8bbc2000 	C:\WINDOWS\System32\winrnr.dll

dbghelp: loaded successfully - version: 4.0.5 - missing functions: none
symbol engine: initialized successfully - sym options: 0x614 - pdb path: .;C:\Program Files\Java\jdk-17.0.3.1\bin;C:\WINDOWS\SYSTEM32;C:\WINDOWS\WinSxS\amd64_microsoft.windows.common-controls_6595b64144ccf1df_6.0.19041.1110_none_60b5254171f9507e;C:\Program Files\Java\jdk-17.0.3.1\bin\server;C:\Program Files\JetBrains\IntelliJ IDEA 2021.3\bin

VM Arguments:
jvm_args: -XX:TieredStopAtLevel=1 -Xverify:none -Dspring.output.ansi.enabled=always -javaagent:C:\Program Files\JetBrains\IntelliJ IDEA 2021.3\lib\idea_rt.jar=49444:C:\Program Files\JetBrains\IntelliJ IDEA 2021.3\bin -Dcom.sun.management.jmxremote -Dspring.jmx.enabled=true -Dspring.liveBeansView.mbeanDomain -Dspring.application.admin.enabled=true -Dfile.encoding=UTF-8 
java_command: com.saraya.airline.AirlineApplication
java_class_path (initial): D:\SPRING BOOT\Microservices\AirportProject\Airline\target\classes;D:\SPRING BOOT\Microservices\AirportProject\Airline\lib\javax.jms.jar;D:\SPRING BOOT\Microservices\AirportProject\Airline\lib\javax.servlet.jsp.jar;D:\SPRING BOOT\Microservices\AirportProject\Airline\lib\javax.resource.jar;D:\SPRING BOOT\Microservices\AirportProject\Airline\lib\javax.ejb.jar;D:\SPRING BOOT\Microservices\AirportProject\Airline\lib\javax.servlet.jsp.jstl.jar;C:\Users\Elbachir Diatta\.m2\repository\org\springframework\boot\spring-boot-starter-data-jdbc\2.7.4\spring-boot-starter-data-jdbc-2.7.4.jar;C:\Users\Elbachir Diatta\.m2\repository\org\springframework\boot\spring-boot-starter-jdbc\2.7.4\spring-boot-starter-jdbc-2.7.4.jar;C:\Users\Elbachir Diatta\.m2\repository\com\zaxxer\HikariCP\4.0.3\HikariCP-4.0.3.jar;C:\Users\Elbachir Diatta\.m2\repository\org\springframework\spring-jdbc\5.3.23\spring-jdbc-5.3.23.jar;C:\Users\Elbachir Diatta\.m2\repository\org\springframework\data\spring-data-jdbc\2.4.3\spring-data-jdbc-2.4.3.jar;C:\Users\Elbachir Diatta\.m2\repository\org\springframework\data\spring-data-relational\2.4.3\spring-data-relational-2.4.3.jar;C:\Users\Elbachir Diatta\.m2\repository\org\springframework\data\spring-data-commons\2.7.3\spring-data-commons-2.7.3.jar;C:\Users\Elbachir Diatta\.m2\repository\org\springframework\spring-tx\5.3.23\spring-tx-5.3.23.jar;C:\Users\Elbachir Diatta\.m2\repository\org\springframework\spring-context\5.3.23\spring-context-5.3.23.jar;C:\Users\Elbachir Diatta\.m2\repository\org\springframework\spring-beans\5.3.23\spring-beans-5.3.23.jar;C:\Users\Elbachir Diatta\.m2\repository\org\slf4j\slf4j-api\1.7.36\slf4j-api-1.7.36.jar;C:\Users\Elbachir Diatta\.m2\repository\org\springframework\boot\spring-boot-starter-data-jpa\2.7.4\spring-boot-starter-data-jpa-2.7.4.jar;C:\Users\Elbachir Diatta\.m2\repository\org\springframework\boot\spring-boot-starter-aop\2.7.4\spring-boot-starter-aop-2.7.4.jar;C:\Users\Elbachir Diatta\.m2\repository\
Launcher Type: SUN_STANDARD

[Global flags]
     intx CICompilerCount                          = 3                                         {product} {ergonomic}
     uint ConcGCThreads                            = 1                                         {product} {ergonomic}
     uint G1ConcRefinementThreads                  = 4                                         {product} {ergonomic}
   size_t G1HeapRegionSize                         = 1048576                                   {product} {ergonomic}
    uintx GCDrainStackTargetSize                   = 64                                        {product} {ergonomic}
   size_t InitialHeapSize                          = 67108864                                  {product} {ergonomic}
     bool ManagementServer                         = true                                      {product} {command line}
   size_t MarkStackSize                            = 4194304                                   {product} {ergonomic}
   size_t MaxHeapSize                              = 1056964608                                {product} {ergonomic}
   size_t MaxNewSize                               = 633339904                                 {product} {ergonomic}
   size_t MinHeapDeltaBytes                        = 1048576                                   {product} {ergonomic}
   size_t MinHeapSize                              = 8388608                                   {product} {ergonomic}
    uintx NonProfiledCodeHeapSize                  = 0                                      {pd product} {ergonomic}
     bool ProfileInterpreter                       = false                                  {pd product} {command line}
    uintx ProfiledCodeHeapSize                     = 0                                      {pd product} {ergonomic}
   size_t SoftMaxHeapSize                          = 1056964608                             {manageable} {ergonomic}
     intx TieredStopAtLevel                        = 1                                         {product} {command line}
     bool UseCompressedClassPointers               = true                           {product lp64_product} {ergonomic}
     bool UseCompressedOops                        = true                           {product lp64_product} {ergonomic}
     bool UseG1GC                                  = true                                      {product} {ergonomic}
     bool UseLargePagesIndividualAllocation        = false                                  {pd product} {ergonomic}

Logging:
Log output configuration:
 #0: stdout all=warning uptime,level,tags
 #1: stderr all=off uptime,level,tags

Environment Variables:
JAVA_HOME=C:\Program Files\Java\jdk-17.0.3.1\bin
PATH=C:\Program Files\Common Files\Oracle\Java\javapath;C:\WINDOWS\system32;C:\WINDOWS;C:\WINDOWS\System32\Wbem;C:\WINDOWS\System32\WindowsPowerShell\v1.0\;C:\WINDOWS\System32\OpenSSH\;C:\Program Files\Java\jdk-17.0.3.1\bin;C:\Program Files\nodejs\;C:\Program Files\PuTTY\;C:\Program Files\MongoDB\Server\6.0\bin;C:\Program Files\Docker\Docker\resources\bin;C:\ProgramData\DockerDesktop\version-bin;C:\Program Files\Git\cmd;C:\Program Files\Java\jdk-11.0.16\bin;C:\Program Files\MySQL\MySQL Shell 8.0\bin\;C:\Users\Elbachir Diatta\AppData\Local\Microsoft\WindowsApps;;C:\Program Files\JetBrains\IntelliJ IDEA 2021.3\bin;;C:\Program Files\JetBrains\IntelliJ IDEA Community Edition 2021.3\bin;;C:\Users\Elbachir Diatta\AppData\Local\Programs\Microsoft VS Code\bin;C:\Users\Elbachir Diatta\AppData\Roaming\npm
USERNAME=Elbachir Diatta
OS=Windows_NT
PROCESSOR_IDENTIFIER=Intel64 Family 6 Model 42 Stepping 7, GenuineIntel



---------------  S Y S T E M  ---------------

OS:
 Windows 10 , 64 bit Build 19041 (10.0.19041.1889)
OS uptime: 0 days 10:47 hours
Hyper-V role detected

CPU: total 4 (initial active 4) (2 cores per cpu, 2 threads per core) family 6 model 42 stepping 7 microcode 0x2f, cx8, cmov, fxsr, ht, mmx, sse, sse2, sse3, ssse3, sse4.1, sse4.2, popcnt, tsc, tscinvbit, avx, aes, clmul, vzeroupper, clflush, hv

Memory: 4k page, system-wide physical 4030M (99M free)
TotalPageFile size 7358M (AvailPageFile size 2982M)
current process WorkingSet (physical memory assigned to process): 78M, peak: 78M
current process commit charge ("private bytes"): 149M, peak: 149M

vm_info: Java HotSpot(TM) 64-Bit Server VM (17.0.3.1+2-LTS-6) for windows-amd64 JRE (17.0.3.1+2-LTS-6), built on Apr 25 2022 22:04:21 by "mach5one" with MS VC++ 16.8 / 16.9 (VS2019)

END.
